<?xml version="1.0" encoding="UTF-8"?>
<coverage generated="1772952634651" clover="3.2.0">
  <project timestamp="1772952634651" name="All files">
    <metrics statements="446" coveredstatements="148" conditionals="318" coveredconditionals="58" methods="121" coveredmethods="36" elements="885" coveredelements="242" complexity="0" loc="446" ncloc="446" packages="1" files="1" classes="1"/>
    <file name="server.js" path="D:\mormor\mortwo\webpro_wms\server.js">
      <metrics statements="446" coveredstatements="148" conditionals="318" coveredconditionals="58" methods="121" coveredmethods="36"/>
      <line num="1" count="1" type="stmt"/>
      <line num="2" count="1" type="stmt"/>
      <line num="3" count="1" type="stmt"/>
      <line num="4" count="1" type="stmt"/>
      <line num="5" count="1" type="stmt"/>
      <line num="6" count="1" type="stmt"/>
      <line num="7" count="1" type="stmt"/>
      <line num="8" count="1" type="stmt"/>
      <line num="9" count="1" type="stmt"/>
      <line num="11" count="1" type="stmt"/>
      <line num="12" count="1" type="cond" truecount="2" falsecount="0"/>
      <line num="13" count="1" type="cond" truecount="1" falsecount="1"/>
      <line num="14" count="1" type="stmt"/>
      <line num="17" count="1" type="stmt"/>
      <line num="18" count="1" type="stmt"/>
      <line num="19" count="1" type="stmt"/>
      <line num="20" count="1" type="stmt"/>
      <line num="23" count="1" type="stmt"/>
      <line num="24" count="1" type="stmt"/>
      <line num="27" count="1" type="stmt"/>
      <line num="35" count="1" type="stmt"/>
      <line num="36" count="8" type="cond" truecount="2" falsecount="0"/>
      <line num="37" count="8" type="stmt"/>
      <line num="41" count="1" type="stmt"/>
      <line num="42" count="4" type="cond" truecount="2" falsecount="0"/>
      <line num="43" count="2" type="stmt"/>
      <line num="46" count="2" type="cond" truecount="2" falsecount="0"/>
      <line num="47" count="1" type="stmt"/>
      <line num="49" count="1" type="stmt"/>
      <line num="53" count="1" type="stmt"/>
      <line num="54" count="1" type="cond" truecount="3" falsecount="1"/>
      <line num="55" count="1" type="stmt"/>
      <line num="57" count="0" type="cond" truecount="0" falsecount="2"/>
      <line num="58" count="0" type="stmt"/>
      <line num="60" count="0" type="stmt"/>
      <line num="65" count="1" type="stmt"/>
      <line num="66" count="1" type="cond" truecount="1" falsecount="1"/>
      <line num="67" count="0" type="stmt"/>
      <line num="69" count="1" type="stmt"/>
      <line num="70" count="1" type="stmt"/>
      <line num="75" count="1" type="stmt"/>
      <line num="77" count="1" type="stmt"/>
      <line num="87" count="1" type="stmt"/>
      <line num="100" count="1" type="stmt"/>
      <line num="111" count="1" type="stmt"/>
      <line num="123" count="1" type="stmt"/>
      <line num="134" count="1" type="stmt"/>
      <line num="135" count="1" type="cond" truecount="3" falsecount="1"/>
      <line num="136" count="1" type="stmt"/>
      <line num="137" count="1" type="stmt"/>
      <line num="138" count="1" type="stmt"/>
      <line num="139" count="1" type="stmt"/>
      <line num="144" count="1" type="stmt"/>
      <line num="145" count="7" type="cond" truecount="4" falsecount="1"/>
      <line num="146" count="0" type="stmt"/>
      <line num="147" count="0" type="cond" truecount="0" falsecount="2"/>
      <line num="148" count="0" type="stmt"/>
      <line num="151" count="8" type="cond" truecount="4" falsecount="1"/>
      <line num="152" count="0" type="stmt"/>
      <line num="153" count="0" type="cond" truecount="0" falsecount="2"/>
      <line num="154" count="0" type="stmt"/>
      <line num="160" count="1" type="stmt"/>
      <line num="161" count="7" type="cond" truecount="4" falsecount="1"/>
      <line num="162" count="0" type="stmt"/>
      <line num="163" count="0" type="cond" truecount="0" falsecount="2"/>
      <line num="164" count="0" type="stmt"/>
      <line num="171" count="1" type="stmt"/>
      <line num="172" count="4" type="cond" truecount="4" falsecount="1"/>
      <line num="173" count="0" type="stmt"/>
      <line num="174" count="0" type="cond" truecount="0" falsecount="2"/>
      <line num="175" count="0" type="stmt"/>
      <line num="178" count="6" type="cond" truecount="4" falsecount="1"/>
      <line num="179" count="0" type="stmt"/>
      <line num="180" count="0" type="cond" truecount="0" falsecount="2"/>
      <line num="182" count="0" type="stmt"/>
      <line num="183" count="0" type="stmt"/>
      <line num="190" count="1" type="stmt"/>
      <line num="191" count="1" type="cond" truecount="1" falsecount="1"/>
      <line num="193" count="1" type="stmt"/>
      <line num="194" count="1" type="cond" truecount="1" falsecount="1"/>
      <line num="198" count="1" type="stmt"/>
      <line num="199" count="1" type="cond" truecount="1" falsecount="1"/>
      <line num="200" count="0" type="stmt"/>
      <line num="201" count="0" type="stmt"/>
      <line num="203" count="1" type="cond" truecount="1" falsecount="1"/>
      <line num="204" count="1" type="stmt"/>
      <line num="205" count="1" type="stmt"/>
      <line num="207" count="0" type="stmt"/>
      <line num="215" count="1" type="stmt"/>
      <line num="219" count="0" type="cond" truecount="0" falsecount="4"/>
      <line num="220" count="0" type="stmt"/>
      <line num="221" count="0" type="stmt"/>
      <line num="222" count="0" type="cond" truecount="0" falsecount="4"/>
      <line num="223" count="0" type="stmt"/>
      <line num="227" count="1" type="cond" truecount="1" falsecount="1"/>
      <line num="228" count="0" type="stmt"/>
      <line num="229" count="0" type="stmt"/>
      <line num="232" count="1" type="stmt"/>
      <line num="233" count="1" type="stmt"/>
      <line num="234" count="1" type="stmt"/>
      <line num="236" count="1" type="stmt"/>
      <line num="238" count="6" type="stmt"/>
      <line num="241" count="2393" type="stmt"/>
      <line num="242" count="2393" type="cond" truecount="1" falsecount="1"/>
      <line num="244" count="0" type="cond" truecount="0" falsecount="2"/>
      <line num="246" count="0" type="cond" truecount="0" falsecount="2"/>
      <line num="247" count="0" type="stmt"/>
      <line num="258" count="0" type="stmt"/>
      <line num="261" count="0" type="stmt"/>
      <line num="262" count="0" type="stmt"/>
      <line num="263" count="0" type="stmt"/>
      <line num="264" count="0" type="stmt"/>
      <line num="267" count="0" type="stmt"/>
      <line num="268" count="0" type="stmt"/>
      <line num="269" count="0" type="stmt"/>
      <line num="271" count="0" type="stmt"/>
      <line num="279" count="1" type="stmt"/>
      <line num="280" count="1" type="stmt"/>
      <line num="282" count="1" type="stmt"/>
      <line num="284" count="1" type="stmt"/>
      <line num="285" count="0" type="stmt"/>
      <line num="287" count="1" type="stmt"/>
      <line num="289" count="1" type="stmt"/>
      <line num="294" count="1" type="stmt"/>
      <line num="295" count="0" type="stmt"/>
      <line num="297" count="1" type="stmt"/>
      <line num="300" count="1" type="stmt"/>
      <line num="301" count="1" type="stmt"/>
      <line num="302" count="1" type="stmt"/>
      <line num="303" count="0" type="stmt"/>
      <line num="305" count="1" type="stmt"/>
      <line num="307" count="1" type="stmt"/>
      <line num="308" count="1" type="cond" truecount="1" falsecount="1"/>
      <line num="309" count="1" type="stmt"/>
      <line num="320" count="1" type="stmt"/>
      <line num="321" count="0" type="cond" truecount="0" falsecount="2"/>
      <line num="322" count="0" type="stmt"/>
      <line num="325" count="1" type="stmt"/>
      <line num="326" count="2" type="stmt"/>
      <line num="327" count="2" type="stmt"/>
      <line num="328" count="2" type="cond" truecount="3" falsecount="1"/>
      <line num="329" count="0" type="stmt"/>
      <line num="332" count="2" type="cond" truecount="2" falsecount="0"/>
      <line num="333" count="1" type="stmt"/>
      <line num="334" count="1" type="stmt"/>
      <line num="336" count="1" type="stmt"/>
      <line num="341" count="1" type="stmt"/>
      <line num="342" count="1" type="stmt"/>
      <line num="343" count="1" type="stmt"/>
      <line num="347" count="1" type="stmt"/>
      <line num="348" count="0" type="stmt"/>
      <line num="351" count="1" type="stmt"/>
      <line num="352" count="0" type="stmt"/>
      <line num="355" count="1" type="stmt"/>
      <line num="356" count="0" type="stmt"/>
      <line num="359" count="1" type="stmt"/>
      <line num="360" count="0" type="stmt"/>
      <line num="366" count="1" type="stmt"/>
      <line num="368" count="0" type="stmt"/>
      <line num="372" count="1" type="stmt"/>
      <line num="373" count="0" type="cond" truecount="0" falsecount="2"/>
      <line num="374" count="0" type="cond" truecount="0" falsecount="2"/>
      <line num="376" count="0" type="stmt"/>
      <line num="382" count="1" type="stmt"/>
      <line num="383" count="0" type="stmt"/>
      <line num="386" count="1" type="stmt"/>
      <line num="387" count="0" type="stmt"/>
      <line num="395" count="1" type="stmt"/>
      <line num="397" count="1" type="stmt"/>
      <line num="399" count="1" type="stmt"/>
      <line num="414" count="1" type="stmt"/>
      <line num="415" count="1" type="cond" truecount="1" falsecount="1"/>
      <line num="417" count="1" type="stmt"/>
      <line num="418" count="1" type="stmt"/>
      <line num="420" count="1" type="stmt"/>
      <line num="421" count="0" type="stmt"/>
      <line num="422" count="0" type="cond" truecount="0" falsecount="2"/>
      <line num="423" count="0" type="stmt"/>
      <line num="433" count="0" type="cond" truecount="0" falsecount="2"/>
      <line num="435" count="0" type="stmt"/>
      <line num="437" count="0" type="cond" truecount="0" falsecount="2"/>
      <line num="438" count="0" type="stmt"/>
      <line num="440" count="0" type="stmt"/>
      <line num="442" count="0" type="stmt"/>
      <line num="445" count="1" type="cond" truecount="0" falsecount="3"/>
      <line num="449" count="1" type="stmt"/>
      <line num="450" count="1" type="stmt"/>
      <line num="451" count="1" type="cond" truecount="1" falsecount="1"/>
      <line num="452" count="1" type="stmt"/>
      <line num="456" count="1" type="stmt"/>
      <line num="457" count="0" type="stmt"/>
      <line num="464" count="0" type="stmt"/>
      <line num="465" count="0" type="cond" truecount="0" falsecount="2"/>
      <line num="466" count="0" type="stmt"/>
      <line num="471" count="1" type="stmt"/>
      <line num="472" count="0" type="stmt"/>
      <line num="474" count="0" type="cond" truecount="0" falsecount="5"/>
      <line num="475" count="0" type="stmt"/>
      <line num="479" count="0" type="stmt"/>
      <line num="480" count="0" type="cond" truecount="0" falsecount="4"/>
      <line num="483" count="0" type="stmt"/>
      <line num="484" count="0" type="stmt"/>
      <line num="485" count="0" type="stmt"/>
      <line num="487" count="0" type="stmt"/>
      <line num="488" count="0" type="stmt"/>
      <line num="489" count="0" type="stmt"/>
      <line num="493" count="0" type="cond" truecount="0" falsecount="2"/>
      <line num="494" count="0" type="stmt"/>
      <line num="495" count="0" type="stmt"/>
      <line num="497" count="0" type="stmt"/>
      <line num="501" count="0" type="cond" truecount="0" falsecount="2"/>
      <line num="502" count="0" type="stmt"/>
      <line num="503" count="0" type="stmt"/>
      <line num="505" count="0" type="stmt"/>
      <line num="506" count="0" type="stmt"/>
      <line num="515" count="1" type="stmt"/>
      <line num="516" count="0" type="stmt"/>
      <line num="518" count="0" type="cond" truecount="0" falsecount="6"/>
      <line num="519" count="0" type="stmt"/>
      <line num="521" count="0" type="stmt"/>
      <line num="523" count="0" type="stmt"/>
      <line num="524" count="0" type="stmt"/>
      <line num="525" count="0" type="stmt"/>
      <line num="526" count="0" type="cond" truecount="0" falsecount="2"/>
      <line num="528" count="0" type="stmt"/>
      <line num="529" count="0" type="cond" truecount="0" falsecount="2"/>
      <line num="530" count="0" type="stmt"/>
      <line num="531" count="0" type="stmt"/>
      <line num="534" count="0" type="stmt"/>
      <line num="535" count="0" type="stmt"/>
      <line num="536" count="0" type="stmt"/>
      <line num="537" count="0" type="cond" truecount="0" falsecount="2"/>
      <line num="538" count="0" type="cond" truecount="0" falsecount="2"/>
      <line num="539" count="0" type="stmt"/>
      <line num="540" count="0" type="stmt"/>
      <line num="542" count="0" type="stmt"/>
      <line num="543" count="0" type="stmt"/>
      <line num="547" count="0" type="cond" truecount="0" falsecount="1"/>
      <line num="548" count="0" type="cond" truecount="0" falsecount="2"/>
      <line num="549" count="0" type="stmt"/>
      <line num="552" count="0" type="cond" truecount="0" falsecount="2"/>
      <line num="553" count="0" type="stmt"/>
      <line num="554" count="0" type="stmt"/>
      <line num="557" count="0" type="stmt"/>
      <line num="559" count="0" type="stmt"/>
      <line num="560" count="0" type="stmt"/>
      <line num="561" count="0" type="cond" truecount="0" falsecount="2"/>
      <line num="562" count="0" type="stmt"/>
      <line num="565" count="0" type="stmt"/>
      <line num="575" count="1" type="stmt"/>
      <line num="576" count="0" type="stmt"/>
      <line num="578" count="0" type="cond" truecount="0" falsecount="5"/>
      <line num="579" count="0" type="stmt"/>
      <line num="582" count="0" type="stmt"/>
      <line num="583" count="0" type="stmt"/>
      <line num="585" count="0" type="stmt"/>
      <line num="587" count="0" type="stmt"/>
      <line num="589" count="0" type="stmt"/>
      <line num="591" count="0" type="stmt"/>
      <line num="592" count="0" type="cond" truecount="0" falsecount="2"/>
      <line num="597" count="0" type="stmt"/>
      <line num="599" count="0" type="stmt"/>
      <line num="600" count="0" type="cond" truecount="0" falsecount="4"/>
      <line num="601" count="0" type="stmt"/>
      <line num="602" count="0" type="stmt"/>
      <line num="604" count="0" type="stmt"/>
      <line num="609" count="1" type="stmt"/>
      <line num="610" count="0" type="stmt"/>
      <line num="624" count="0" type="stmt"/>
      <line num="625" count="0" type="cond" truecount="0" falsecount="2"/>
      <line num="626" count="0" type="stmt"/>
      <line num="634" count="1" type="stmt"/>
      <line num="645" count="1" type="stmt"/>
      <line num="652" count="1" type="stmt"/>
      <line num="653" count="1" type="cond" truecount="4" falsecount="1"/>
      <line num="654" count="1" type="cond" truecount="1" falsecount="1"/>
      <line num="655" count="1" type="stmt"/>
      <line num="659" count="0" type="stmt"/>
      <line num="660" count="0" type="stmt"/>
      <line num="661" count="0" type="stmt"/>
      <line num="662" count="0" type="cond" truecount="0" falsecount="4"/>
      <line num="663" count="0" type="stmt"/>
      <line num="664" count="0" type="stmt"/>
      <line num="665" count="0" type="cond" truecount="0" falsecount="2"/>
      <line num="669" count="0" type="stmt"/>
      <line num="670" count="0" type="cond" truecount="0" falsecount="2"/>
      <line num="671" count="0" type="cond" truecount="0" falsecount="2"/>
      <line num="672" count="0" type="stmt"/>
      <line num="675" count="0" type="stmt"/>
      <line num="676" count="0" type="stmt"/>
      <line num="681" count="0" type="stmt"/>
      <line num="682" count="0" type="stmt"/>
      <line num="684" count="0" type="stmt"/>
      <line num="685" count="0" type="stmt"/>
      <line num="686" count="0" type="stmt"/>
      <line num="687" count="0" type="cond" truecount="0" falsecount="2"/>
      <line num="691" count="0" type="stmt"/>
      <line num="692" count="0" type="stmt"/>
      <line num="693" count="0" type="cond" truecount="0" falsecount="2"/>
      <line num="701" count="1" type="stmt"/>
      <line num="703" count="0" type="stmt"/>
      <line num="704" count="0" type="stmt"/>
      <line num="712" count="0" type="stmt"/>
      <line num="714" count="0" type="stmt"/>
      <line num="718" count="0" type="stmt"/>
      <line num="721" count="0" type="stmt"/>
      <line num="733" count="0" type="stmt"/>
      <line num="744" count="0" type="stmt"/>
      <line num="755" count="0" type="stmt"/>
      <line num="765" count="0" type="stmt"/>
      <line num="766" count="0" type="stmt"/>
      <line num="767" count="0" type="stmt"/>
      <line num="768" count="0" type="stmt"/>
      <line num="769" count="0" type="stmt"/>
      <line num="770" count="0" type="stmt"/>
      <line num="771" count="0" type="stmt"/>
      <line num="772" count="0" type="stmt"/>
      <line num="773" count="0" type="stmt"/>
      <line num="774" count="0" type="cond" truecount="0" falsecount="11"/>
      <line num="775" count="0" type="stmt"/>
      <line num="777" count="0" type="stmt"/>
      <line num="799" count="1" type="stmt"/>
      <line num="800" count="0" type="stmt"/>
      <line num="810" count="0" type="stmt"/>
      <line num="811" count="0" type="cond" truecount="0" falsecount="2"/>
      <line num="812" count="0" type="stmt"/>
      <line num="817" count="1" type="stmt"/>
      <line num="818" count="0" type="stmt"/>
      <line num="819" count="0" type="stmt"/>
      <line num="820" count="0" type="stmt"/>
      <line num="821" count="0" type="cond" truecount="0" falsecount="2"/>
      <line num="823" count="0" type="stmt"/>
      <line num="824" count="0" type="cond" truecount="0" falsecount="2"/>
      <line num="826" count="0" type="stmt"/>
      <line num="827" count="0" type="cond" truecount="0" falsecount="4"/>
      <line num="829" count="0" type="stmt"/>
      <line num="830" count="0" type="stmt"/>
      <line num="831" count="0" type="stmt"/>
      <line num="832" count="0" type="stmt"/>
      <line num="834" count="0" type="stmt"/>
      <line num="835" count="0" type="stmt"/>
      <line num="836" count="0" type="stmt"/>
      <line num="837" count="0" type="stmt"/>
      <line num="838" count="0" type="stmt"/>
      <line num="839" count="0" type="stmt"/>
      <line num="840" count="0" type="cond" truecount="0" falsecount="2"/>
      <line num="842" count="0" type="stmt"/>
      <line num="843" count="0" type="stmt"/>
      <line num="844" count="0" type="stmt"/>
      <line num="845" count="0" type="stmt"/>
      <line num="848" count="0" type="stmt"/>
      <line num="849" count="0" type="stmt"/>
      <line num="851" count="0" type="stmt"/>
      <line num="852" count="0" type="cond" truecount="0" falsecount="2"/>
      <line num="853" count="0" type="stmt"/>
      <line num="861" count="1" type="stmt"/>
      <line num="862" count="0" type="stmt"/>
      <line num="863" count="0" type="cond" truecount="0" falsecount="2"/>
      <line num="864" count="0" type="stmt"/>
      <line num="868" count="1" type="stmt"/>
      <line num="869" count="0" type="stmt"/>
      <line num="870" count="0" type="cond" truecount="0" falsecount="5"/>
      <line num="872" count="0" type="cond" truecount="0" falsecount="2"/>
      <line num="873" count="0" type="stmt"/>
      <line num="874" count="0" type="stmt"/>
      <line num="876" count="0" type="stmt"/>
      <line num="877" count="0" type="cond" truecount="0" falsecount="2"/>
      <line num="878" count="0" type="stmt"/>
      <line num="879" count="0" type="stmt"/>
      <line num="881" count="0" type="stmt"/>
      <line num="885" count="1" type="stmt"/>
      <line num="886" count="0" type="stmt"/>
      <line num="888" count="0" type="cond" truecount="0" falsecount="2"/>
      <line num="889" count="0" type="stmt"/>
      <line num="890" count="0" type="cond" truecount="0" falsecount="4"/>
      <line num="891" count="0" type="stmt"/>
      <line num="892" count="0" type="cond" truecount="0" falsecount="2"/>
      <line num="893" count="0" type="stmt"/>
      <line num="895" count="0" type="stmt"/>
      <line num="901" count="1" type="stmt"/>
      <line num="902" count="0" type="stmt"/>
      <line num="903" count="0" type="stmt"/>
      <line num="904" count="0" type="cond" truecount="0" falsecount="4"/>
      <line num="906" count="0" type="stmt"/>
      <line num="907" count="0" type="stmt"/>
      <line num="909" count="0" type="cond" truecount="0" falsecount="2"/>
      <line num="910" count="0" type="stmt"/>
      <line num="911" count="0" type="cond" truecount="0" falsecount="2"/>
      <line num="913" count="0" type="cond" truecount="0" falsecount="2"/>
      <line num="914" count="0" type="stmt"/>
      <line num="915" count="0" type="stmt"/>
      <line num="916" count="0" type="stmt"/>
      <line num="917" count="0" type="stmt"/>
      <line num="919" count="0" type="stmt"/>
      <line num="921" count="0" type="stmt"/>
      <line num="922" count="0" type="cond" truecount="0" falsecount="2"/>
      <line num="923" count="0" type="cond" truecount="0" falsecount="2"/>
      <line num="924" count="0" type="stmt"/>
      <line num="933" count="1" type="stmt"/>
      <line num="934" count="0" type="stmt"/>
      <line num="935" count="0" type="cond" truecount="0" falsecount="2"/>
      <line num="936" count="0" type="stmt"/>
      <line num="941" count="1" type="stmt"/>
      <line num="942" count="1" type="stmt"/>
      <line num="943" count="1" type="cond" truecount="2" falsecount="2"/>
      <line num="945" count="0" type="stmt"/>
      <line num="949" count="0" type="cond" truecount="0" falsecount="2"/>
      <line num="950" count="0" type="stmt"/>
      <line num="951" count="0" type="stmt"/>
      <line num="953" count="0" type="stmt"/>
      <line num="959" count="1" type="stmt"/>
      <line num="960" count="0" type="stmt"/>
      <line num="961" count="0" type="stmt"/>
      <line num="962" count="0" type="cond" truecount="0" falsecount="4"/>
      <line num="964" count="0" type="stmt"/>
      <line num="968" count="0" type="cond" truecount="0" falsecount="2"/>
      <line num="969" count="0" type="cond" truecount="0" falsecount="2"/>
      <line num="970" count="0" type="stmt"/>
      <line num="976" count="1" type="stmt"/>
      <line num="977" count="0" type="stmt"/>
      <line num="978" count="0" type="stmt"/>
      <line num="979" count="0" type="cond" truecount="0" falsecount="4"/>
      <line num="980" count="0" type="stmt"/>
      <line num="983" count="0" type="stmt"/>
      <line num="984" count="0" type="cond" truecount="0" falsecount="2"/>
      <line num="985" count="0" type="cond" truecount="0" falsecount="4"/>
      <line num="986" count="0" type="stmt"/>
      <line num="989" count="0" type="stmt"/>
      <line num="990" count="0" type="stmt"/>
      <line num="991" count="0" type="stmt"/>
      <line num="992" count="0" type="cond" truecount="0" falsecount="2"/>
      <line num="995" count="0" type="stmt"/>
      <line num="999" count="0" type="cond" truecount="0" falsecount="2"/>
      <line num="1000" count="0" type="stmt"/>
      <line num="1001" count="0" type="cond" truecount="0" falsecount="2"/>
      <line num="1002" count="0" type="cond" truecount="0" falsecount="2"/>
      <line num="1004" count="0" type="stmt"/>
      <line num="1005" count="0" type="stmt"/>
      <line num="1007" count="0" type="stmt"/>
      <line num="1019" count="1" type="cond" truecount="1" falsecount="1"/>
      <line num="1020" count="0" type="stmt"/>
      <line num="1021" count="0" type="stmt"/>
      <line num="1024" count="0" type="stmt"/>
      <line num="1025" count="0" type="cond" truecount="0" falsecount="4"/>
      <line num="1026" count="0" type="stmt"/>
      <line num="1030" count="1" type="stmt"/>
    </file>
  </project>
</coverage>
