{"D:\\mormor\\mortwo\\webpro_wms\\server.js": {"path":"D:\\mormor\\mortwo\\webpro_wms\\server.js","statementMap":{"0":{"start":{"line":1,"column":16},"end":{"line":1,"column":34}},"1":{"start":{"line":2,"column":16},"end":{"line":2,"column":44}},"2":{"start":{"line":3,"column":13},"end":{"line":3,"column":28}},"3":{"start":{"line":4,"column":11},"end":{"line":4,"column":24}},"4":{"start":{"line":5,"column":12},"end":{"line":5,"column":33}},"5":{"start":{"line":6,"column":19},"end":{"line":6,"column":41}},"6":{"start":{"line":7,"column":13},"end":{"line":7,"column":28}},"7":{"start":{"line":8,"column":16},"end":{"line":8,"column":42}},"8":{"start":{"line":9,"column":15},"end":{"line":9,"column":34}},"9":{"start":{"line":11,"column":12},"end":{"line":11,"column":21}},"10":{"start":{"line":12,"column":13},"end":{"line":12,"column":37}},"11":{"start":{"line":13,"column":16},"end":{"line":13,"column":93}},"12":{"start":{"line":14,"column":17},"end":{"line":14,"column":53}},"13":{"start":{"line":17,"column":0},"end":{"line":17,"column":16}},"14":{"start":{"line":18,"column":0},"end":{"line":18,"column":27}},"15":{"start":{"line":19,"column":0},"end":{"line":19,"column":48}},"16":{"start":{"line":20,"column":0},"end":{"line":20,"column":34}},"17":{"start":{"line":23,"column":0},"end":{"line":23,"column":30}},"18":{"start":{"line":24,"column":0},"end":{"line":24,"column":48}},"19":{"start":{"line":27,"column":0},"end":{"line":32,"column":4}},"20":{"start":{"line":35,"column":0},"end":{"line":38,"column":3}},"21":{"start":{"line":36,"column":4},"end":{"line":36,"column":47}},"22":{"start":{"line":37,"column":4},"end":{"line":37,"column":11}},"23":{"start":{"line":41,"column":20},"end":{"line":51,"column":1}},"24":{"start":{"line":42,"column":4},"end":{"line":50,"column":5}},"25":{"start":{"line":43,"column":8},"end":{"line":43,"column":15}},"26":{"start":{"line":46,"column":8},"end":{"line":48,"column":9}},"27":{"start":{"line":47,"column":12},"end":{"line":47,"column":86}},"28":{"start":{"line":49,"column":8},"end":{"line":49,"column":31}},"29":{"start":{"line":53,"column":23},"end":{"line":62,"column":1}},"30":{"start":{"line":54,"column":4},"end":{"line":61,"column":5}},"31":{"start":{"line":55,"column":8},"end":{"line":55,"column":15}},"32":{"start":{"line":57,"column":8},"end":{"line":59,"column":9}},"33":{"start":{"line":58,"column":12},"end":{"line":58,"column":96}},"34":{"start":{"line":60,"column":8},"end":{"line":60,"column":67}},"35":{"start":{"line":65,"column":11},"end":{"line":72,"column":2}},"36":{"start":{"line":66,"column":4},"end":{"line":71,"column":5}},"37":{"start":{"line":67,"column":8},"end":{"line":67,"column":68}},"38":{"start":{"line":69,"column":8},"end":{"line":69,"column":57}},"39":{"start":{"line":70,"column":8},"end":{"line":70,"column":29}},"40":{"start":{"line":75,"column":4},"end":{"line":210,"column":7}},"41":{"start":{"line":77,"column":8},"end":{"line":84,"column":12}},"42":{"start":{"line":87,"column":8},"end":{"line":97,"column":12}},"43":{"start":{"line":100,"column":8},"end":{"line":108,"column":12}},"44":{"start":{"line":111,"column":8},"end":{"line":120,"column":12}},"45":{"start":{"line":123,"column":8},"end":{"line":131,"column":12}},"46":{"start":{"line":134,"column":8},"end":{"line":141,"column":11}},"47":{"start":{"line":135,"column":12},"end":{"line":140,"column":13}},"48":{"start":{"line":136,"column":29},"end":{"line":136,"column":51}},"49":{"start":{"line":137,"column":29},"end":{"line":137,"column":58}},"50":{"start":{"line":138,"column":16},"end":{"line":138,"column":110}},"51":{"start":{"line":139,"column":16},"end":{"line":139,"column":72}},"52":{"start":{"line":144,"column":8},"end":{"line":157,"column":11}},"53":{"start":{"line":145,"column":12},"end":{"line":150,"column":13}},"54":{"start":{"line":145,"column":48},"end":{"line":145,"column":76}},"55":{"start":{"line":146,"column":16},"end":{"line":149,"column":19}},"56":{"start":{"line":147,"column":20},"end":{"line":148,"column":93}},"57":{"start":{"line":147,"column":34},"end":{"line":147,"column":79}},"58":{"start":{"line":148,"column":25},"end":{"line":148,"column":93}},"59":{"start":{"line":151,"column":12},"end":{"line":156,"column":13}},"60":{"start":{"line":151,"column":48},"end":{"line":151,"column":71}},"61":{"start":{"line":152,"column":16},"end":{"line":155,"column":19}},"62":{"start":{"line":153,"column":20},"end":{"line":154,"column":88}},"63":{"start":{"line":153,"column":34},"end":{"line":153,"column":90}},"64":{"start":{"line":154,"column":25},"end":{"line":154,"column":88}},"65":{"start":{"line":160,"column":8},"end":{"line":168,"column":11}},"66":{"start":{"line":161,"column":12},"end":{"line":166,"column":13}},"67":{"start":{"line":161,"column":48},"end":{"line":161,"column":71}},"68":{"start":{"line":162,"column":16},"end":{"line":165,"column":19}},"69":{"start":{"line":163,"column":20},"end":{"line":164,"column":96}},"70":{"start":{"line":163,"column":34},"end":{"line":163,"column":90}},"71":{"start":{"line":164,"column":25},"end":{"line":164,"column":96}},"72":{"start":{"line":171,"column":8},"end":{"line":187,"column":11}},"73":{"start":{"line":172,"column":12},"end":{"line":177,"column":13}},"74":{"start":{"line":172,"column":48},"end":{"line":172,"column":70}},"75":{"start":{"line":173,"column":16},"end":{"line":176,"column":19}},"76":{"start":{"line":174,"column":20},"end":{"line":175,"column":84}},"77":{"start":{"line":174,"column":34},"end":{"line":174,"column":89}},"78":{"start":{"line":175,"column":25},"end":{"line":175,"column":84}},"79":{"start":{"line":178,"column":12},"end":{"line":186,"column":13}},"80":{"start":{"line":178,"column":48},"end":{"line":178,"column":71}},"81":{"start":{"line":179,"column":16},"end":{"line":185,"column":19}},"82":{"start":{"line":180,"column":20},"end":{"line":184,"column":21}},"83":{"start":{"line":180,"column":34},"end":{"line":180,"column":90}},"84":{"start":{"line":182,"column":24},"end":{"line":182,"column":84}},"85":{"start":{"line":183,"column":24},"end":{"line":183,"column":107}},"86":{"start":{"line":190,"column":8},"end":{"line":192,"column":11}},"87":{"start":{"line":191,"column":12},"end":{"line":191,"column":84}},"88":{"start":{"line":191,"column":22},"end":{"line":191,"column":84}},"89":{"start":{"line":193,"column":8},"end":{"line":195,"column":11}},"90":{"start":{"line":194,"column":12},"end":{"line":194,"column":81}},"91":{"start":{"line":194,"column":22},"end":{"line":194,"column":81}},"92":{"start":{"line":198,"column":8},"end":{"line":209,"column":11}},"93":{"start":{"line":199,"column":12},"end":{"line":202,"column":13}},"94":{"start":{"line":200,"column":16},"end":{"line":200,"column":69}},"95":{"start":{"line":201,"column":16},"end":{"line":201,"column":23}},"96":{"start":{"line":203,"column":12},"end":{"line":208,"column":13}},"97":{"start":{"line":204,"column":16},"end":{"line":204,"column":70}},"98":{"start":{"line":205,"column":16},"end":{"line":205,"column":30}},"99":{"start":{"line":207,"column":16},"end":{"line":207,"column":56}},"100":{"start":{"line":215,"column":4},"end":{"line":215,"column":94}},"101":{"start":{"line":219,"column":4},"end":{"line":219,"column":44}},"102":{"start":{"line":219,"column":32},"end":{"line":219,"column":44}},"103":{"start":{"line":220,"column":18},"end":{"line":220,"column":37}},"104":{"start":{"line":221,"column":16},"end":{"line":221,"column":33}},"105":{"start":{"line":222,"column":4},"end":{"line":222,"column":48}},"106":{"start":{"line":222,"column":36},"end":{"line":222,"column":48}},"107":{"start":{"line":223,"column":4},"end":{"line":223,"column":60}},"108":{"start":{"line":227,"column":4},"end":{"line":230,"column":5}},"109":{"start":{"line":228,"column":8},"end":{"line":228,"column":74}},"110":{"start":{"line":229,"column":8},"end":{"line":229,"column":15}},"111":{"start":{"line":232,"column":24},"end":{"line":232,"column":33}},"112":{"start":{"line":233,"column":25},"end":{"line":233,"column":27}},"113":{"start":{"line":234,"column":21},"end":{"line":234,"column":59}},"114":{"start":{"line":236,"column":4},"end":{"line":312,"column":11}},"115":{"start":{"line":238,"column":40},"end":{"line":238,"column":85}},"116":{"start":{"line":241,"column":95},"end":{"line":241,"column":98}},"117":{"start":{"line":242,"column":12},"end":{"line":242,"column":38}},"118":{"start":{"line":242,"column":31},"end":{"line":242,"column":38}},"119":{"start":{"line":244,"column":30},"end":{"line":244,"column":60}},"120":{"start":{"line":246,"column":12},"end":{"line":254,"column":13}},"121":{"start":{"line":247,"column":16},"end":{"line":253,"column":19}},"122":{"start":{"line":258,"column":30},"end":{"line":258,"column":77}},"123":{"start":{"line":261,"column":28},"end":{"line":261,"column":57}},"124":{"start":{"line":262,"column":22},"end":{"line":262,"column":32}},"125":{"start":{"line":263,"column":12},"end":{"line":263,"column":45}},"126":{"start":{"line":264,"column":41},"end":{"line":264,"column":70}},"127":{"start":{"line":267,"column":23},"end":{"line":267,"column":34}},"128":{"start":{"line":268,"column":12},"end":{"line":268,"column":49}},"129":{"start":{"line":269,"column":40},"end":{"line":269,"column":70}},"130":{"start":{"line":271,"column":12},"end":{"line":276,"column":15}},"131":{"start":{"line":279,"column":12},"end":{"line":311,"column":15}},"132":{"start":{"line":280,"column":16},"end":{"line":280,"column":44}},"133":{"start":{"line":282,"column":36},"end":{"line":282,"column":179}},"134":{"start":{"line":284,"column":16},"end":{"line":286,"column":17}},"135":{"start":{"line":285,"column":20},"end":{"line":285,"column":127}},"136":{"start":{"line":287,"column":16},"end":{"line":287,"column":39}},"137":{"start":{"line":289,"column":34},"end":{"line":292,"column":18}},"138":{"start":{"line":294,"column":16},"end":{"line":296,"column":17}},"139":{"start":{"line":295,"column":20},"end":{"line":295,"column":111}},"140":{"start":{"line":297,"column":16},"end":{"line":297,"column":37}},"141":{"start":{"line":300,"column":31},"end":{"line":300,"column":52}},"142":{"start":{"line":301,"column":32},"end":{"line":301,"column":222}},"143":{"start":{"line":302,"column":16},"end":{"line":304,"column":17}},"144":{"start":{"line":303,"column":20},"end":{"line":303,"column":78}},"145":{"start":{"line":305,"column":16},"end":{"line":305,"column":35}},"146":{"start":{"line":307,"column":16},"end":{"line":310,"column":19}},"147":{"start":{"line":308,"column":20},"end":{"line":309,"column":98}},"148":{"start":{"line":308,"column":29},"end":{"line":308,"column":75}},"149":{"start":{"line":309,"column":25},"end":{"line":309,"column":98}},"150":{"start":{"line":320,"column":0},"end":{"line":323,"column":3}},"151":{"start":{"line":321,"column":4},"end":{"line":321,"column":51}},"152":{"start":{"line":321,"column":26},"end":{"line":321,"column":51}},"153":{"start":{"line":322,"column":4},"end":{"line":322,"column":41}},"154":{"start":{"line":325,"column":0},"end":{"line":339,"column":3}},"155":{"start":{"line":326,"column":35},"end":{"line":326,"column":43}},"156":{"start":{"line":327,"column":4},"end":{"line":338,"column":7}},"157":{"start":{"line":328,"column":8},"end":{"line":330,"column":9}},"158":{"start":{"line":329,"column":12},"end":{"line":329,"column":108}},"159":{"start":{"line":332,"column":8},"end":{"line":337,"column":9}},"160":{"start":{"line":333,"column":12},"end":{"line":333,"column":89}},"161":{"start":{"line":334,"column":12},"end":{"line":334,"column":30}},"162":{"start":{"line":336,"column":12},"end":{"line":336,"column":101}},"163":{"start":{"line":341,"column":0},"end":{"line":344,"column":3}},"164":{"start":{"line":342,"column":4},"end":{"line":342,"column":26}},"165":{"start":{"line":343,"column":4},"end":{"line":343,"column":27}},"166":{"start":{"line":347,"column":0},"end":{"line":349,"column":3}},"167":{"start":{"line":348,"column":4},"end":{"line":348,"column":53}},"168":{"start":{"line":351,"column":0},"end":{"line":353,"column":3}},"169":{"start":{"line":352,"column":4},"end":{"line":352,"column":55}},"170":{"start":{"line":355,"column":0},"end":{"line":357,"column":3}},"171":{"start":{"line":356,"column":4},"end":{"line":356,"column":51}},"172":{"start":{"line":359,"column":0},"end":{"line":361,"column":3}},"173":{"start":{"line":360,"column":4},"end":{"line":360,"column":53}},"174":{"start":{"line":366,"column":0},"end":{"line":369,"column":3}},"175":{"start":{"line":368,"column":4},"end":{"line":368,"column":34}},"176":{"start":{"line":372,"column":0},"end":{"line":380,"column":3}},"177":{"start":{"line":373,"column":14},"end":{"line":373,"column":36}},"178":{"start":{"line":374,"column":4},"end":{"line":374,"column":62}},"179":{"start":{"line":374,"column":50},"end":{"line":374,"column":62}},"180":{"start":{"line":376,"column":4},"end":{"line":379,"column":7}},"181":{"start":{"line":382,"column":0},"end":{"line":384,"column":3}},"182":{"start":{"line":383,"column":4},"end":{"line":383,"column":87}},"183":{"start":{"line":386,"column":0},"end":{"line":388,"column":3}},"184":{"start":{"line":387,"column":4},"end":{"line":387,"column":85}},"185":{"start":{"line":395,"column":0},"end":{"line":447,"column":3}},"186":{"start":{"line":397,"column":4},"end":{"line":397,"column":29}},"187":{"start":{"line":399,"column":18},"end":{"line":412,"column":5}},"188":{"start":{"line":414,"column":4},"end":{"line":446,"column":7}},"189":{"start":{"line":415,"column":8},"end":{"line":415,"column":69}},"190":{"start":{"line":415,"column":17},"end":{"line":415,"column":69}},"191":{"start":{"line":417,"column":24},"end":{"line":417,"column":26}},"192":{"start":{"line":418,"column":25},"end":{"line":418,"column":103}},"193":{"start":{"line":420,"column":8},"end":{"line":444,"column":9}},"194":{"start":{"line":421,"column":122},"end":{"line":421,"column":125}},"195":{"start":{"line":422,"column":12},"end":{"line":432,"column":13}},"196":{"start":{"line":423,"column":16},"end":{"line":431,"column":18}},"197":{"start":{"line":433,"column":12},"end":{"line":443,"column":13}},"198":{"start":{"line":435,"column":34},"end":{"line":435,"column":56}},"199":{"start":{"line":437,"column":16},"end":{"line":441,"column":17}},"200":{"start":{"line":438,"column":20},"end":{"line":438,"column":69}},"201":{"start":{"line":440,"column":20},"end":{"line":440,"column":67}},"202":{"start":{"line":442,"column":16},"end":{"line":442,"column":111}},"203":{"start":{"line":445,"column":8},"end":{"line":445,"column":127}},"204":{"start":{"line":445,"column":52},"end":{"line":445,"column":124}},"205":{"start":{"line":449,"column":0},"end":{"line":454,"column":3}},"206":{"start":{"line":450,"column":4},"end":{"line":453,"column":7}},"207":{"start":{"line":451,"column":8},"end":{"line":451,"column":69}},"208":{"start":{"line":451,"column":17},"end":{"line":451,"column":69}},"209":{"start":{"line":452,"column":8},"end":{"line":452,"column":23}},"210":{"start":{"line":456,"column":0},"end":{"line":468,"column":3}},"211":{"start":{"line":457,"column":18},"end":{"line":463,"column":5}},"212":{"start":{"line":464,"column":4},"end":{"line":467,"column":7}},"213":{"start":{"line":465,"column":8},"end":{"line":465,"column":69}},"214":{"start":{"line":465,"column":17},"end":{"line":465,"column":69}},"215":{"start":{"line":466,"column":8},"end":{"line":466,"column":23}},"216":{"start":{"line":471,"column":0},"end":{"line":513,"column":3}},"217":{"start":{"line":472,"column":51},"end":{"line":472,"column":59}},"218":{"start":{"line":474,"column":4},"end":{"line":476,"column":5}},"219":{"start":{"line":475,"column":8},"end":{"line":475,"column":88}},"220":{"start":{"line":479,"column":4},"end":{"line":512,"column":7}},"221":{"start":{"line":480,"column":8},"end":{"line":480,"column":103}},"222":{"start":{"line":480,"column":29},"end":{"line":480,"column":103}},"223":{"start":{"line":483,"column":22},"end":{"line":483,"column":44}},"224":{"start":{"line":484,"column":8},"end":{"line":484,"column":65}},"225":{"start":{"line":485,"column":28},"end":{"line":485,"column":61}},"226":{"start":{"line":487,"column":8},"end":{"line":511,"column":11}},"227":{"start":{"line":488,"column":12},"end":{"line":488,"column":40}},"228":{"start":{"line":489,"column":12},"end":{"line":510,"column":14}},"229":{"start":{"line":493,"column":20},"end":{"line":496,"column":21}},"230":{"start":{"line":494,"column":24},"end":{"line":494,"column":43}},"231":{"start":{"line":495,"column":24},"end":{"line":495,"column":86}},"232":{"start":{"line":497,"column":20},"end":{"line":508,"column":22}},"233":{"start":{"line":501,"column":28},"end":{"line":504,"column":29}},"234":{"start":{"line":502,"column":32},"end":{"line":502,"column":51}},"235":{"start":{"line":503,"column":32},"end":{"line":503,"column":88}},"236":{"start":{"line":505,"column":28},"end":{"line":505,"column":45}},"237":{"start":{"line":506,"column":28},"end":{"line":506,"column":99}},"238":{"start":{"line":515,"column":0},"end":{"line":569,"column":3}},"239":{"start":{"line":516,"column":49},"end":{"line":516,"column":57}},"240":{"start":{"line":518,"column":4},"end":{"line":520,"column":5}},"241":{"start":{"line":519,"column":8},"end":{"line":519,"column":83}},"242":{"start":{"line":521,"column":26},"end":{"line":521,"column":48}},"243":{"start":{"line":523,"column":4},"end":{"line":568,"column":7}},"244":{"start":{"line":524,"column":8},"end":{"line":524,"column":36}},"245":{"start":{"line":525,"column":8},"end":{"line":567,"column":10}},"246":{"start":{"line":526,"column":12},"end":{"line":526,"column":102}},"247":{"start":{"line":526,"column":23},"end":{"line":526,"column":42}},"248":{"start":{"line":526,"column":43},"end":{"line":526,"column":100}},"249":{"start":{"line":528,"column":35},"end":{"line":528,"column":82}},"250":{"start":{"line":528,"column":62},"end":{"line":528,"column":78}},"251":{"start":{"line":529,"column":12},"end":{"line":532,"column":13}},"252":{"start":{"line":530,"column":16},"end":{"line":530,"column":35}},"253":{"start":{"line":531,"column":16},"end":{"line":531,"column":105}},"254":{"start":{"line":534,"column":38},"end":{"line":534,"column":51}},"255":{"start":{"line":535,"column":28},"end":{"line":535,"column":30}},"256":{"start":{"line":536,"column":12},"end":{"line":545,"column":13}},"257":{"start":{"line":537,"column":16},"end":{"line":537,"column":52}},"258":{"start":{"line":537,"column":46},"end":{"line":537,"column":52}},"259":{"start":{"line":538,"column":16},"end":{"line":544,"column":17}},"260":{"start":{"line":539,"column":20},"end":{"line":539,"column":96}},"261":{"start":{"line":540,"column":20},"end":{"line":540,"column":58}},"262":{"start":{"line":542,"column":20},"end":{"line":542,"column":140}},"263":{"start":{"line":543,"column":20},"end":{"line":543,"column":44}},"264":{"start":{"line":547,"column":35},"end":{"line":564,"column":13}},"265":{"start":{"line":548,"column":16},"end":{"line":558,"column":17}},"266":{"start":{"line":549,"column":20},"end":{"line":556,"column":22}},"267":{"start":{"line":552,"column":28},"end":{"line":552,"column":132}},"268":{"start":{"line":552,"column":42},"end":{"line":552,"column":61}},"269":{"start":{"line":552,"column":62},"end":{"line":552,"column":130}},"270":{"start":{"line":553,"column":28},"end":{"line":553,"column":45}},"271":{"start":{"line":554,"column":28},"end":{"line":554,"column":75}},"272":{"start":{"line":557,"column":20},"end":{"line":557,"column":27}},"273":{"start":{"line":559,"column":26},"end":{"line":559,"column":40}},"274":{"start":{"line":560,"column":16},"end":{"line":563,"column":19}},"275":{"start":{"line":561,"column":20},"end":{"line":561,"column":104}},"276":{"start":{"line":561,"column":31},"end":{"line":561,"column":50}},"277":{"start":{"line":561,"column":51},"end":{"line":561,"column":102}},"278":{"start":{"line":562,"column":20},"end":{"line":562,"column":46}},"279":{"start":{"line":565,"column":12},"end":{"line":565,"column":29}},"280":{"start":{"line":575,"column":0},"end":{"line":607,"column":3}},"281":{"start":{"line":576,"column":42},"end":{"line":576,"column":50}},"282":{"start":{"line":578,"column":4},"end":{"line":580,"column":5}},"283":{"start":{"line":579,"column":8},"end":{"line":579,"column":96}},"284":{"start":{"line":582,"column":4},"end":{"line":606,"column":7}},"285":{"start":{"line":583,"column":8},"end":{"line":583,"column":36}},"286":{"start":{"line":585,"column":27},"end":{"line":585,"column":71}},"287":{"start":{"line":587,"column":28},"end":{"line":587,"column":33}},"288":{"start":{"line":589,"column":8},"end":{"line":595,"column":11}},"289":{"start":{"line":591,"column":12},"end":{"line":593,"column":15}},"290":{"start":{"line":592,"column":16},"end":{"line":592,"column":46}},"291":{"start":{"line":592,"column":25},"end":{"line":592,"column":46}},"292":{"start":{"line":597,"column":8},"end":{"line":597,"column":30}},"293":{"start":{"line":599,"column":8},"end":{"line":605,"column":11}},"294":{"start":{"line":600,"column":12},"end":{"line":603,"column":13}},"295":{"start":{"line":601,"column":16},"end":{"line":601,"column":35}},"296":{"start":{"line":602,"column":16},"end":{"line":602,"column":86}},"297":{"start":{"line":604,"column":12},"end":{"line":604,"column":90}},"298":{"start":{"line":609,"column":0},"end":{"line":628,"column":3}},"299":{"start":{"line":610,"column":18},"end":{"line":623,"column":5}},"300":{"start":{"line":624,"column":4},"end":{"line":627,"column":7}},"301":{"start":{"line":625,"column":8},"end":{"line":625,"column":69}},"302":{"start":{"line":625,"column":17},"end":{"line":625,"column":69}},"303":{"start":{"line":626,"column":8},"end":{"line":626,"column":23}},"304":{"start":{"line":634,"column":4},"end":{"line":697,"column":7}},"305":{"start":{"line":645,"column":29},"end":{"line":650,"column":9}},"306":{"start":{"line":652,"column":8},"end":{"line":696,"column":11}},"307":{"start":{"line":653,"column":12},"end":{"line":656,"column":13}},"308":{"start":{"line":654,"column":16},"end":{"line":654,"column":41}},"309":{"start":{"line":654,"column":30},"end":{"line":654,"column":41}},"310":{"start":{"line":655,"column":16},"end":{"line":655,"column":23}},"311":{"start":{"line":659,"column":30},"end":{"line":659,"column":134}},"312":{"start":{"line":660,"column":12},"end":{"line":695,"column":15}},"313":{"start":{"line":661,"column":39},"end":{"line":661,"column":48}},"314":{"start":{"line":662,"column":16},"end":{"line":667,"column":17}},"315":{"start":{"line":663,"column":20},"end":{"line":666,"column":23}},"316":{"start":{"line":664,"column":38},"end":{"line":664,"column":75}},"317":{"start":{"line":665,"column":24},"end":{"line":665,"column":78}},"318":{"start":{"line":665,"column":35},"end":{"line":665,"column":78}},"319":{"start":{"line":669,"column":30},"end":{"line":669,"column":90}},"320":{"start":{"line":669,"column":56},"end":{"line":669,"column":89}},"321":{"start":{"line":670,"column":16},"end":{"line":673,"column":17}},"322":{"start":{"line":671,"column":20},"end":{"line":671,"column":45}},"323":{"start":{"line":671,"column":34},"end":{"line":671,"column":45}},"324":{"start":{"line":672,"column":20},"end":{"line":672,"column":27}},"325":{"start":{"line":675,"column":16},"end":{"line":675,"column":44}},"326":{"start":{"line":676,"column":32},"end":{"line":679,"column":18}},"327":{"start":{"line":681,"column":34},"end":{"line":681,"column":55}},"328":{"start":{"line":682,"column":36},"end":{"line":682,"column":41}},"329":{"start":{"line":684,"column":16},"end":{"line":689,"column":19}},"330":{"start":{"line":685,"column":38},"end":{"line":685,"column":121}},"331":{"start":{"line":686,"column":20},"end":{"line":688,"column":23}},"332":{"start":{"line":687,"column":24},"end":{"line":687,"column":52}},"333":{"start":{"line":687,"column":31},"end":{"line":687,"column":52}},"334":{"start":{"line":691,"column":16},"end":{"line":691,"column":35}},"335":{"start":{"line":692,"column":16},"end":{"line":694,"column":19}},"336":{"start":{"line":693,"column":20},"end":{"line":693,"column":45}},"337":{"start":{"line":693,"column":34},"end":{"line":693,"column":45}},"338":{"start":{"line":701,"column":0},"end":{"line":797,"column":3}},"339":{"start":{"line":703,"column":22},"end":{"line":703,"column":71}},"340":{"start":{"line":704,"column":27},"end":{"line":711,"column":5}},"341":{"start":{"line":712,"column":24},"end":{"line":712,"column":95}},"342":{"start":{"line":714,"column":19},"end":{"line":717,"column":87}},"343":{"start":{"line":718,"column":19},"end":{"line":718,"column":62}},"344":{"start":{"line":721,"column":22},"end":{"line":730,"column":5}},"345":{"start":{"line":733,"column":25},"end":{"line":741,"column":5}},"346":{"start":{"line":744,"column":26},"end":{"line":752,"column":5}},"347":{"start":{"line":755,"column":26},"end":{"line":763,"column":5}},"348":{"start":{"line":765,"column":4},"end":{"line":796,"column":7}},"349":{"start":{"line":766,"column":8},"end":{"line":795,"column":11}},"350":{"start":{"line":767,"column":12},"end":{"line":794,"column":15}},"351":{"start":{"line":768,"column":16},"end":{"line":793,"column":19}},"352":{"start":{"line":769,"column":20},"end":{"line":792,"column":23}},"353":{"start":{"line":770,"column":24},"end":{"line":791,"column":27}},"354":{"start":{"line":771,"column":28},"end":{"line":790,"column":31}},"355":{"start":{"line":772,"column":32},"end":{"line":789,"column":35}},"356":{"start":{"line":773,"column":36},"end":{"line":788,"column":39}},"357":{"start":{"line":774,"column":40},"end":{"line":776,"column":41}},"358":{"start":{"line":775,"column":44},"end":{"line":775,"column":116}},"359":{"start":{"line":777,"column":40},"end":{"line":787,"column":43}},"360":{"start":{"line":799,"column":0},"end":{"line":814,"column":3}},"361":{"start":{"line":800,"column":18},"end":{"line":809,"column":5}},"362":{"start":{"line":810,"column":4},"end":{"line":813,"column":7}},"363":{"start":{"line":811,"column":8},"end":{"line":811,"column":69}},"364":{"start":{"line":811,"column":17},"end":{"line":811,"column":69}},"365":{"start":{"line":812,"column":8},"end":{"line":812,"column":23}},"366":{"start":{"line":817,"column":0},"end":{"line":859,"column":3}},"367":{"start":{"line":818,"column":4},"end":{"line":858,"column":7}},"368":{"start":{"line":819,"column":8},"end":{"line":819,"column":36}},"369":{"start":{"line":820,"column":8},"end":{"line":857,"column":11}},"370":{"start":{"line":821,"column":12},"end":{"line":821,"column":107}},"371":{"start":{"line":821,"column":23},"end":{"line":821,"column":42}},"372":{"start":{"line":821,"column":43},"end":{"line":821,"column":105}},"373":{"start":{"line":823,"column":12},"end":{"line":856,"column":15}},"374":{"start":{"line":824,"column":16},"end":{"line":824,"column":114}},"375":{"start":{"line":824,"column":28},"end":{"line":824,"column":47}},"376":{"start":{"line":824,"column":48},"end":{"line":824,"column":112}},"377":{"start":{"line":826,"column":16},"end":{"line":855,"column":19}},"378":{"start":{"line":827,"column":20},"end":{"line":827,"column":134}},"379":{"start":{"line":827,"column":52},"end":{"line":827,"column":71}},"380":{"start":{"line":827,"column":72},"end":{"line":827,"column":132}},"381":{"start":{"line":829,"column":38},"end":{"line":829,"column":139}},"382":{"start":{"line":830,"column":37},"end":{"line":830,"column":58}},"383":{"start":{"line":831,"column":36},"end":{"line":831,"column":180}},"384":{"start":{"line":832,"column":34},"end":{"line":832,"column":44}},"385":{"start":{"line":834,"column":20},"end":{"line":846,"column":23}},"386":{"start":{"line":835,"column":36},"end":{"line":835,"column":72}},"387":{"start":{"line":836,"column":39},"end":{"line":836,"column":68}},"388":{"start":{"line":837,"column":44},"end":{"line":837,"column":59}},"389":{"start":{"line":838,"column":24},"end":{"line":838,"column":76}},"390":{"start":{"line":839,"column":43},"end":{"line":839,"column":64}},"391":{"start":{"line":840,"column":24},"end":{"line":840,"column":92}},"392":{"start":{"line":842,"column":35},"end":{"line":842,"column":74}},"393":{"start":{"line":843,"column":35},"end":{"line":843,"column":73}},"394":{"start":{"line":844,"column":24},"end":{"line":844,"column":59}},"395":{"start":{"line":845,"column":24},"end":{"line":845,"column":59}},"396":{"start":{"line":848,"column":20},"end":{"line":848,"column":41}},"397":{"start":{"line":849,"column":20},"end":{"line":849,"column":39}},"398":{"start":{"line":851,"column":20},"end":{"line":854,"column":23}},"399":{"start":{"line":852,"column":24},"end":{"line":852,"column":96}},"400":{"start":{"line":852,"column":39},"end":{"line":852,"column":96}},"401":{"start":{"line":853,"column":24},"end":{"line":853,"column":97}},"402":{"start":{"line":861,"column":0},"end":{"line":866,"column":3}},"403":{"start":{"line":862,"column":4},"end":{"line":865,"column":7}},"404":{"start":{"line":863,"column":8},"end":{"line":863,"column":69}},"405":{"start":{"line":863,"column":17},"end":{"line":863,"column":69}},"406":{"start":{"line":864,"column":8},"end":{"line":864,"column":23}},"407":{"start":{"line":868,"column":0},"end":{"line":883,"column":3}},"408":{"start":{"line":869,"column":52},"end":{"line":869,"column":60}},"409":{"start":{"line":870,"column":4},"end":{"line":870,"column":121}},"410":{"start":{"line":870,"column":46},"end":{"line":870,"column":121}},"411":{"start":{"line":872,"column":18},"end":{"line":872,"column":58}},"412":{"start":{"line":873,"column":17},"end":{"line":873,"column":39}},"413":{"start":{"line":874,"column":17},"end":{"line":874,"column":48}},"414":{"start":{"line":876,"column":4},"end":{"line":882,"column":7}},"415":{"start":{"line":877,"column":8},"end":{"line":877,"column":132}},"416":{"start":{"line":877,"column":17},"end":{"line":877,"column":132}},"417":{"start":{"line":878,"column":26},"end":{"line":878,"column":37}},"418":{"start":{"line":879,"column":8},"end":{"line":880,"column":90}},"419":{"start":{"line":881,"column":8},"end":{"line":881,"column":65}},"420":{"start":{"line":885,"column":0},"end":{"line":898,"column":3}},"421":{"start":{"line":886,"column":15},"end":{"line":886,"column":28}},"422":{"start":{"line":888,"column":4},"end":{"line":888,"column":103}},"423":{"start":{"line":888,"column":35},"end":{"line":888,"column":103}},"424":{"start":{"line":889,"column":4},"end":{"line":897,"column":7}},"425":{"start":{"line":890,"column":8},"end":{"line":890,"column":86}},"426":{"start":{"line":890,"column":32},"end":{"line":890,"column":86}},"427":{"start":{"line":891,"column":8},"end":{"line":896,"column":11}},"428":{"start":{"line":892,"column":12},"end":{"line":892,"column":76}},"429":{"start":{"line":892,"column":22},"end":{"line":892,"column":76}},"430":{"start":{"line":893,"column":12},"end":{"line":894,"column":115}},"431":{"start":{"line":895,"column":12},"end":{"line":895,"column":51}},"432":{"start":{"line":901,"column":0},"end":{"line":926,"column":3}},"433":{"start":{"line":902,"column":15},"end":{"line":902,"column":28}},"434":{"start":{"line":903,"column":31},"end":{"line":903,"column":39}},"435":{"start":{"line":904,"column":4},"end":{"line":904,"column":93}},"436":{"start":{"line":904,"column":28},"end":{"line":904,"column":93}},"437":{"start":{"line":906,"column":20},"end":{"line":906,"column":22}},"438":{"start":{"line":907,"column":19},"end":{"line":907,"column":21}},"439":{"start":{"line":909,"column":4},"end":{"line":912,"column":5}},"440":{"start":{"line":910,"column":8},"end":{"line":910,"column":33}},"441":{"start":{"line":911,"column":8},"end":{"line":911,"column":62}},"442":{"start":{"line":913,"column":4},"end":{"line":918,"column":5}},"443":{"start":{"line":914,"column":21},"end":{"line":914,"column":43}},"444":{"start":{"line":915,"column":21},"end":{"line":915,"column":52}},"445":{"start":{"line":916,"column":8},"end":{"line":916,"column":37}},"446":{"start":{"line":917,"column":8},"end":{"line":917,"column":26}},"447":{"start":{"line":919,"column":4},"end":{"line":919,"column":20}},"448":{"start":{"line":921,"column":4},"end":{"line":925,"column":7}},"449":{"start":{"line":922,"column":8},"end":{"line":922,"column":75}},"450":{"start":{"line":922,"column":17},"end":{"line":922,"column":75}},"451":{"start":{"line":923,"column":8},"end":{"line":923,"column":86}},"452":{"start":{"line":923,"column":32},"end":{"line":923,"column":86}},"453":{"start":{"line":924,"column":8},"end":{"line":924,"column":51}},"454":{"start":{"line":933,"column":0},"end":{"line":938,"column":3}},"455":{"start":{"line":934,"column":4},"end":{"line":937,"column":7}},"456":{"start":{"line":935,"column":8},"end":{"line":935,"column":69}},"457":{"start":{"line":935,"column":17},"end":{"line":935,"column":69}},"458":{"start":{"line":936,"column":8},"end":{"line":936,"column":23}},"459":{"start":{"line":941,"column":0},"end":{"line":956,"column":3}},"460":{"start":{"line":942,"column":79},"end":{"line":942,"column":87}},"461":{"start":{"line":943,"column":4},"end":{"line":943,"column":108}},"462":{"start":{"line":943,"column":47},"end":{"line":943,"column":108}},"463":{"start":{"line":945,"column":4},"end":{"line":955,"column":6}},"464":{"start":{"line":949,"column":12},"end":{"line":949,"column":106}},"465":{"start":{"line":949,"column":21},"end":{"line":949,"column":106}},"466":{"start":{"line":950,"column":26},"end":{"line":950,"column":37}},"467":{"start":{"line":951,"column":12},"end":{"line":952,"column":96}},"468":{"start":{"line":953,"column":12},"end":{"line":953,"column":66}},"469":{"start":{"line":959,"column":0},"end":{"line":973,"column":3}},"470":{"start":{"line":960,"column":15},"end":{"line":960,"column":28}},"471":{"start":{"line":961,"column":79},"end":{"line":961,"column":87}},"472":{"start":{"line":962,"column":4},"end":{"line":962,"column":108}},"473":{"start":{"line":962,"column":47},"end":{"line":962,"column":108}},"474":{"start":{"line":964,"column":4},"end":{"line":972,"column":6}},"475":{"start":{"line":968,"column":12},"end":{"line":968,"column":99}},"476":{"start":{"line":968,"column":21},"end":{"line":968,"column":99}},"477":{"start":{"line":969,"column":12},"end":{"line":969,"column":90}},"478":{"start":{"line":969,"column":36},"end":{"line":969,"column":90}},"479":{"start":{"line":970,"column":12},"end":{"line":970,"column":56}},"480":{"start":{"line":976,"column":0},"end":{"line":1015,"column":3}},"481":{"start":{"line":977,"column":15},"end":{"line":977,"column":28}},"482":{"start":{"line":978,"column":4},"end":{"line":1014,"column":7}},"483":{"start":{"line":979,"column":8},"end":{"line":979,"column":80}},"484":{"start":{"line":979,"column":26},"end":{"line":979,"column":80}},"485":{"start":{"line":980,"column":28},"end":{"line":980,"column":45}},"486":{"start":{"line":983,"column":8},"end":{"line":1013,"column":11}},"487":{"start":{"line":984,"column":12},"end":{"line":984,"column":95}},"488":{"start":{"line":984,"column":21},"end":{"line":984,"column":95}},"489":{"start":{"line":985,"column":12},"end":{"line":987,"column":13}},"490":{"start":{"line":986,"column":16},"end":{"line":986,"column":145}},"491":{"start":{"line":989,"column":12},"end":{"line":1012,"column":15}},"492":{"start":{"line":990,"column":16},"end":{"line":990,"column":44}},"493":{"start":{"line":991,"column":16},"end":{"line":1011,"column":19}},"494":{"start":{"line":992,"column":20},"end":{"line":992,"column":110}},"495":{"start":{"line":992,"column":31},"end":{"line":992,"column":50}},"496":{"start":{"line":992,"column":51},"end":{"line":992,"column":108}},"497":{"start":{"line":995,"column":20},"end":{"line":1010,"column":23}},"498":{"start":{"line":999,"column":24},"end":{"line":999,"column":121}},"499":{"start":{"line":999,"column":36},"end":{"line":999,"column":55}},"500":{"start":{"line":999,"column":56},"end":{"line":999,"column":119}},"501":{"start":{"line":1000,"column":24},"end":{"line":1009,"column":27}},"502":{"start":{"line":1001,"column":28},"end":{"line":1001,"column":120}},"503":{"start":{"line":1001,"column":40},"end":{"line":1001,"column":59}},"504":{"start":{"line":1001,"column":60},"end":{"line":1001,"column":118}},"505":{"start":{"line":1002,"column":28},"end":{"line":1002,"column":130}},"506":{"start":{"line":1002,"column":54},"end":{"line":1002,"column":73}},"507":{"start":{"line":1002,"column":74},"end":{"line":1002,"column":128}},"508":{"start":{"line":1004,"column":28},"end":{"line":1008,"column":31}},"509":{"start":{"line":1005,"column":32},"end":{"line":1006,"column":101}},"510":{"start":{"line":1007,"column":32},"end":{"line":1007,"column":72}},"511":{"start":{"line":1019,"column":0},"end":{"line":1028,"column":1}},"512":{"start":{"line":1020,"column":4},"end":{"line":1027,"column":7}},"513":{"start":{"line":1021,"column":8},"end":{"line":1021,"column":66}},"514":{"start":{"line":1024,"column":20},"end":{"line":1024,"column":46}},"515":{"start":{"line":1025,"column":25},"end":{"line":1025,"column":117}},"516":{"start":{"line":1026,"column":8},"end":{"line":1026,"column":60}},"517":{"start":{"line":1030,"column":0},"end":{"line":1030,"column":21}}},"fnMap":{"0":{"name":"(anonymous_0)","decl":{"start":{"line":35,"column":8},"end":{"line":35,"column":9}},"loc":{"start":{"line":35,"column":28},"end":{"line":38,"column":1}},"line":35},"1":{"name":"(anonymous_1)","decl":{"start":{"line":41,"column":20},"end":{"line":41,"column":21}},"loc":{"start":{"line":41,"column":40},"end":{"line":51,"column":1}},"line":41},"2":{"name":"(anonymous_2)","decl":{"start":{"line":53,"column":23},"end":{"line":53,"column":24}},"loc":{"start":{"line":53,"column":43},"end":{"line":62,"column":1}},"line":53},"3":{"name":"(anonymous_3)","decl":{"start":{"line":65,"column":41},"end":{"line":65,"column":42}},"loc":{"start":{"line":65,"column":50},"end":{"line":72,"column":1}},"line":65},"4":{"name":"initializeDatabase","decl":{"start":{"line":74,"column":9},"end":{"line":74,"column":27}},"loc":{"start":{"line":74,"column":30},"end":{"line":211,"column":1}},"line":74},"5":{"name":"(anonymous_5)","decl":{"start":{"line":75,"column":17},"end":{"line":75,"column":18}},"loc":{"start":{"line":75,"column":23},"end":{"line":210,"column":5}},"line":75},"6":{"name":"(anonymous_6)","decl":{"start":{"line":134,"column":79},"end":{"line":134,"column":80}},"loc":{"start":{"line":134,"column":93},"end":{"line":141,"column":9}},"line":134},"7":{"name":"(anonymous_7)","decl":{"start":{"line":144,"column":46},"end":{"line":144,"column":47}},"loc":{"start":{"line":144,"column":61},"end":{"line":157,"column":9}},"line":144},"8":{"name":"(anonymous_8)","decl":{"start":{"line":145,"column":43},"end":{"line":145,"column":44}},"loc":{"start":{"line":145,"column":48},"end":{"line":145,"column":76}},"line":145},"9":{"name":"(anonymous_9)","decl":{"start":{"line":146,"column":92},"end":{"line":146,"column":93}},"loc":{"start":{"line":146,"column":106},"end":{"line":149,"column":17}},"line":146},"10":{"name":"(anonymous_10)","decl":{"start":{"line":151,"column":43},"end":{"line":151,"column":44}},"loc":{"start":{"line":151,"column":48},"end":{"line":151,"column":71}},"line":151},"11":{"name":"(anonymous_11)","decl":{"start":{"line":152,"column":117},"end":{"line":152,"column":118}},"loc":{"start":{"line":152,"column":131},"end":{"line":155,"column":17}},"line":152},"12":{"name":"(anonymous_12)","decl":{"start":{"line":160,"column":54},"end":{"line":160,"column":55}},"loc":{"start":{"line":160,"column":69},"end":{"line":168,"column":9}},"line":160},"13":{"name":"(anonymous_13)","decl":{"start":{"line":161,"column":43},"end":{"line":161,"column":44}},"loc":{"start":{"line":161,"column":48},"end":{"line":161,"column":71}},"line":161},"14":{"name":"(anonymous_14)","decl":{"start":{"line":162,"column":82},"end":{"line":162,"column":83}},"loc":{"start":{"line":162,"column":96},"end":{"line":165,"column":17}},"line":162},"15":{"name":"(anonymous_15)","decl":{"start":{"line":171,"column":43},"end":{"line":171,"column":44}},"loc":{"start":{"line":171,"column":58},"end":{"line":187,"column":9}},"line":171},"16":{"name":"(anonymous_16)","decl":{"start":{"line":172,"column":43},"end":{"line":172,"column":44}},"loc":{"start":{"line":172,"column":48},"end":{"line":172,"column":70}},"line":172},"17":{"name":"(anonymous_17)","decl":{"start":{"line":173,"column":70},"end":{"line":173,"column":71}},"loc":{"start":{"line":173,"column":84},"end":{"line":176,"column":17}},"line":173},"18":{"name":"(anonymous_18)","decl":{"start":{"line":178,"column":43},"end":{"line":178,"column":44}},"loc":{"start":{"line":178,"column":48},"end":{"line":178,"column":71}},"line":178},"19":{"name":"(anonymous_19)","decl":{"start":{"line":179,"column":75},"end":{"line":179,"column":76}},"loc":{"start":{"line":179,"column":89},"end":{"line":185,"column":17}},"line":179},"20":{"name":"(anonymous_20)","decl":{"start":{"line":190,"column":73},"end":{"line":190,"column":74}},"loc":{"start":{"line":190,"column":82},"end":{"line":192,"column":9}},"line":190},"21":{"name":"(anonymous_21)","decl":{"start":{"line":193,"column":70},"end":{"line":193,"column":71}},"loc":{"start":{"line":193,"column":79},"end":{"line":195,"column":9}},"line":193},"22":{"name":"(anonymous_22)","decl":{"start":{"line":198,"column":57},"end":{"line":198,"column":58}},"loc":{"start":{"line":198,"column":71},"end":{"line":209,"column":9}},"line":198},"23":{"name":"getBangkokTimestamp","decl":{"start":{"line":214,"column":9},"end":{"line":214,"column":28}},"loc":{"start":{"line":214,"column":31},"end":{"line":216,"column":1}},"line":214},"24":{"name":"calculateDaysBetween","decl":{"start":{"line":218,"column":9},"end":{"line":218,"column":29}},"loc":{"start":{"line":218,"column":50},"end":{"line":224,"column":1}},"line":218},"25":{"name":"seedFromCSV","decl":{"start":{"line":226,"column":9},"end":{"line":226,"column":20}},"loc":{"start":{"line":226,"column":23},"end":{"line":313,"column":1}},"line":226},"26":{"name":"(anonymous_26)","decl":{"start":{"line":238,"column":24},"end":{"line":238,"column":25}},"loc":{"start":{"line":238,"column":40},"end":{"line":238,"column":85}},"line":238},"27":{"name":"(anonymous_27)","decl":{"start":{"line":240,"column":20},"end":{"line":240,"column":21}},"loc":{"start":{"line":240,"column":29},"end":{"line":277,"column":9}},"line":240},"28":{"name":"(anonymous_28)","decl":{"start":{"line":278,"column":19},"end":{"line":278,"column":20}},"loc":{"start":{"line":278,"column":25},"end":{"line":312,"column":9}},"line":278},"29":{"name":"(anonymous_29)","decl":{"start":{"line":279,"column":25},"end":{"line":279,"column":26}},"loc":{"start":{"line":279,"column":31},"end":{"line":311,"column":13}},"line":279},"30":{"name":"(anonymous_30)","decl":{"start":{"line":307,"column":33},"end":{"line":307,"column":34}},"loc":{"start":{"line":307,"column":42},"end":{"line":310,"column":17}},"line":307},"31":{"name":"(anonymous_31)","decl":{"start":{"line":320,"column":18},"end":{"line":320,"column":19}},"loc":{"start":{"line":320,"column":32},"end":{"line":323,"column":1}},"line":320},"32":{"name":"(anonymous_32)","decl":{"start":{"line":325,"column":19},"end":{"line":325,"column":20}},"loc":{"start":{"line":325,"column":33},"end":{"line":339,"column":1}},"line":325},"33":{"name":"(anonymous_33)","decl":{"start":{"line":327,"column":65},"end":{"line":327,"column":66}},"loc":{"start":{"line":327,"column":80},"end":{"line":338,"column":5}},"line":327},"34":{"name":"(anonymous_34)","decl":{"start":{"line":341,"column":20},"end":{"line":341,"column":21}},"loc":{"start":{"line":341,"column":34},"end":{"line":344,"column":1}},"line":341},"35":{"name":"(anonymous_35)","decl":{"start":{"line":347,"column":26},"end":{"line":347,"column":27}},"loc":{"start":{"line":347,"column":40},"end":{"line":349,"column":1}},"line":347},"36":{"name":"(anonymous_36)","decl":{"start":{"line":351,"column":34},"end":{"line":351,"column":35}},"loc":{"start":{"line":351,"column":48},"end":{"line":353,"column":1}},"line":351},"37":{"name":"(anonymous_37)","decl":{"start":{"line":355,"column":35},"end":{"line":355,"column":36}},"loc":{"start":{"line":355,"column":49},"end":{"line":357,"column":1}},"line":355},"38":{"name":"(anonymous_38)","decl":{"start":{"line":359,"column":33},"end":{"line":359,"column":34}},"loc":{"start":{"line":359,"column":47},"end":{"line":361,"column":1}},"line":359},"39":{"name":"(anonymous_39)","decl":{"start":{"line":366,"column":34},"end":{"line":366,"column":35}},"loc":{"start":{"line":366,"column":48},"end":{"line":369,"column":1}},"line":366},"40":{"name":"(anonymous_40)","decl":{"start":{"line":372,"column":44},"end":{"line":372,"column":45}},"loc":{"start":{"line":372,"column":58},"end":{"line":380,"column":1}},"line":372},"41":{"name":"(anonymous_41)","decl":{"start":{"line":382,"column":41},"end":{"line":382,"column":42}},"loc":{"start":{"line":382,"column":55},"end":{"line":384,"column":1}},"line":382},"42":{"name":"(anonymous_42)","decl":{"start":{"line":386,"column":40},"end":{"line":386,"column":41}},"loc":{"start":{"line":386,"column":54},"end":{"line":388,"column":1}},"line":386},"43":{"name":"(anonymous_43)","decl":{"start":{"line":395,"column":39},"end":{"line":395,"column":40}},"loc":{"start":{"line":395,"column":53},"end":{"line":447,"column":1}},"line":395},"44":{"name":"(anonymous_44)","decl":{"start":{"line":414,"column":22},"end":{"line":414,"column":23}},"loc":{"start":{"line":414,"column":37},"end":{"line":446,"column":5}},"line":414},"45":{"name":"(anonymous_45)","decl":{"start":{"line":445,"column":47},"end":{"line":445,"column":48}},"loc":{"start":{"line":445,"column":52},"end":{"line":445,"column":124}},"line":445},"46":{"name":"(anonymous_46)","decl":{"start":{"line":449,"column":38},"end":{"line":449,"column":39}},"loc":{"start":{"line":449,"column":52},"end":{"line":454,"column":1}},"line":449},"47":{"name":"(anonymous_47)","decl":{"start":{"line":450,"column":99},"end":{"line":450,"column":100}},"loc":{"start":{"line":450,"column":114},"end":{"line":453,"column":5}},"line":450},"48":{"name":"(anonymous_48)","decl":{"start":{"line":456,"column":48},"end":{"line":456,"column":49}},"loc":{"start":{"line":456,"column":62},"end":{"line":468,"column":1}},"line":456},"49":{"name":"(anonymous_49)","decl":{"start":{"line":464,"column":22},"end":{"line":464,"column":23}},"loc":{"start":{"line":464,"column":37},"end":{"line":467,"column":5}},"line":464},"50":{"name":"(anonymous_50)","decl":{"start":{"line":471,"column":40},"end":{"line":471,"column":41}},"loc":{"start":{"line":471,"column":54},"end":{"line":513,"column":1}},"line":471},"51":{"name":"(anonymous_51)","decl":{"start":{"line":479,"column":78},"end":{"line":479,"column":79}},"loc":{"start":{"line":479,"column":96},"end":{"line":512,"column":5}},"line":479},"52":{"name":"(anonymous_52)","decl":{"start":{"line":487,"column":21},"end":{"line":487,"column":22}},"loc":{"start":{"line":487,"column":27},"end":{"line":511,"column":9}},"line":487},"53":{"name":"(anonymous_53)","decl":{"start":{"line":492,"column":16},"end":{"line":492,"column":17}},"loc":{"start":{"line":492,"column":31},"end":{"line":509,"column":17}},"line":492},"54":{"name":"(anonymous_54)","decl":{"start":{"line":500,"column":24},"end":{"line":500,"column":25}},"loc":{"start":{"line":500,"column":40},"end":{"line":507,"column":25}},"line":500},"55":{"name":"(anonymous_55)","decl":{"start":{"line":515,"column":45},"end":{"line":515,"column":46}},"loc":{"start":{"line":515,"column":59},"end":{"line":569,"column":1}},"line":515},"56":{"name":"(anonymous_56)","decl":{"start":{"line":523,"column":17},"end":{"line":523,"column":18}},"loc":{"start":{"line":523,"column":23},"end":{"line":568,"column":5}},"line":523},"57":{"name":"(anonymous_57)","decl":{"start":{"line":525,"column":135},"end":{"line":525,"column":136}},"loc":{"start":{"line":525,"column":153},"end":{"line":566,"column":9}},"line":525},"58":{"name":"(anonymous_58)","decl":{"start":{"line":528,"column":50},"end":{"line":528,"column":51}},"loc":{"start":{"line":528,"column":62},"end":{"line":528,"column":78}},"line":528},"59":{"name":"(anonymous_59)","decl":{"start":{"line":547,"column":35},"end":{"line":547,"column":36}},"loc":{"start":{"line":547,"column":50},"end":{"line":564,"column":13}},"line":547},"60":{"name":"(anonymous_60)","decl":{"start":{"line":551,"column":24},"end":{"line":551,"column":25}},"loc":{"start":{"line":551,"column":36},"end":{"line":555,"column":25}},"line":551},"61":{"name":"(anonymous_61)","decl":{"start":{"line":560,"column":40},"end":{"line":560,"column":41}},"loc":{"start":{"line":560,"column":49},"end":{"line":563,"column":17}},"line":560},"62":{"name":"(anonymous_62)","decl":{"start":{"line":575,"column":51},"end":{"line":575,"column":52}},"loc":{"start":{"line":575,"column":65},"end":{"line":607,"column":1}},"line":575},"63":{"name":"(anonymous_63)","decl":{"start":{"line":582,"column":17},"end":{"line":582,"column":18}},"loc":{"start":{"line":582,"column":23},"end":{"line":606,"column":5}},"line":582},"64":{"name":"(anonymous_64)","decl":{"start":{"line":589,"column":32},"end":{"line":589,"column":33}},"loc":{"start":{"line":589,"column":41},"end":{"line":595,"column":9}},"line":589},"65":{"name":"(anonymous_65)","decl":{"start":{"line":591,"column":45},"end":{"line":591,"column":46}},"loc":{"start":{"line":591,"column":54},"end":{"line":593,"column":13}},"line":591},"66":{"name":"(anonymous_66)","decl":{"start":{"line":599,"column":25},"end":{"line":599,"column":26}},"loc":{"start":{"line":599,"column":34},"end":{"line":605,"column":9}},"line":599},"67":{"name":"(anonymous_67)","decl":{"start":{"line":609,"column":37},"end":{"line":609,"column":38}},"loc":{"start":{"line":609,"column":51},"end":{"line":628,"column":1}},"line":609},"68":{"name":"(anonymous_68)","decl":{"start":{"line":624,"column":22},"end":{"line":624,"column":23}},"loc":{"start":{"line":624,"column":37},"end":{"line":627,"column":5}},"line":624},"69":{"name":"autoLogExpiredProducts","decl":{"start":{"line":633,"column":9},"end":{"line":633,"column":31}},"loc":{"start":{"line":633,"column":42},"end":{"line":698,"column":1}},"line":633},"70":{"name":"(anonymous_70)","decl":{"start":{"line":634,"column":17},"end":{"line":634,"column":18}},"loc":{"start":{"line":634,"column":23},"end":{"line":697,"column":5}},"line":634},"71":{"name":"(anonymous_71)","decl":{"start":{"line":652,"column":33},"end":{"line":652,"column":34}},"loc":{"start":{"line":652,"column":55},"end":{"line":696,"column":9}},"line":652},"72":{"name":"(anonymous_72)","decl":{"start":{"line":660,"column":34},"end":{"line":660,"column":35}},"loc":{"start":{"line":660,"column":53},"end":{"line":695,"column":13}},"line":660},"73":{"name":"(anonymous_73)","decl":{"start":{"line":663,"column":36},"end":{"line":663,"column":37}},"loc":{"start":{"line":663,"column":43},"end":{"line":666,"column":21}},"line":663},"74":{"name":"(anonymous_74)","decl":{"start":{"line":669,"column":49},"end":{"line":669,"column":50}},"loc":{"start":{"line":669,"column":56},"end":{"line":669,"column":89}},"line":669},"75":{"name":"(anonymous_75)","decl":{"start":{"line":684,"column":30},"end":{"line":684,"column":31}},"loc":{"start":{"line":684,"column":39},"end":{"line":689,"column":17}},"line":684},"76":{"name":"(anonymous_76)","decl":{"start":{"line":686,"column":90},"end":{"line":686,"column":91}},"loc":{"start":{"line":686,"column":97},"end":{"line":688,"column":21}},"line":686},"77":{"name":"(anonymous_77)","decl":{"start":{"line":692,"column":33},"end":{"line":692,"column":34}},"loc":{"start":{"line":692,"column":39},"end":{"line":694,"column":17}},"line":692},"78":{"name":"(anonymous_78)","decl":{"start":{"line":701,"column":51},"end":{"line":701,"column":52}},"loc":{"start":{"line":701,"column":65},"end":{"line":797,"column":1}},"line":701},"79":{"name":"(anonymous_79)","decl":{"start":{"line":765,"column":26},"end":{"line":765,"column":27}},"loc":{"start":{"line":765,"column":42},"end":{"line":796,"column":5}},"line":765},"80":{"name":"(anonymous_80)","decl":{"start":{"line":766,"column":35},"end":{"line":766,"column":36}},"loc":{"start":{"line":766,"column":52},"end":{"line":795,"column":9}},"line":766},"81":{"name":"(anonymous_81)","decl":{"start":{"line":767,"column":36},"end":{"line":767,"column":37}},"loc":{"start":{"line":767,"column":52},"end":{"line":794,"column":13}},"line":767},"82":{"name":"(anonymous_82)","decl":{"start":{"line":768,"column":35},"end":{"line":768,"column":36}},"loc":{"start":{"line":768,"column":51},"end":{"line":793,"column":17}},"line":768},"83":{"name":"(anonymous_83)","decl":{"start":{"line":769,"column":39},"end":{"line":769,"column":40}},"loc":{"start":{"line":769,"column":55},"end":{"line":792,"column":21}},"line":769},"84":{"name":"(anonymous_84)","decl":{"start":{"line":770,"column":46},"end":{"line":770,"column":47}},"loc":{"start":{"line":770,"column":63},"end":{"line":791,"column":25}},"line":770},"85":{"name":"(anonymous_85)","decl":{"start":{"line":771,"column":53},"end":{"line":771,"column":54}},"loc":{"start":{"line":771,"column":70},"end":{"line":790,"column":29}},"line":771},"86":{"name":"(anonymous_86)","decl":{"start":{"line":772,"column":58},"end":{"line":772,"column":59}},"loc":{"start":{"line":772,"column":75},"end":{"line":789,"column":33}},"line":772},"87":{"name":"(anonymous_87)","decl":{"start":{"line":773,"column":62},"end":{"line":773,"column":63}},"loc":{"start":{"line":773,"column":79},"end":{"line":788,"column":37}},"line":773},"88":{"name":"(anonymous_88)","decl":{"start":{"line":799,"column":50},"end":{"line":799,"column":51}},"loc":{"start":{"line":799,"column":64},"end":{"line":814,"column":1}},"line":799},"89":{"name":"(anonymous_89)","decl":{"start":{"line":810,"column":22},"end":{"line":810,"column":23}},"loc":{"start":{"line":810,"column":37},"end":{"line":813,"column":5}},"line":810},"90":{"name":"(anonymous_90)","decl":{"start":{"line":817,"column":52},"end":{"line":817,"column":53}},"loc":{"start":{"line":817,"column":66},"end":{"line":859,"column":1}},"line":817},"91":{"name":"(anonymous_91)","decl":{"start":{"line":818,"column":17},"end":{"line":818,"column":18}},"loc":{"start":{"line":818,"column":23},"end":{"line":858,"column":5}},"line":818},"92":{"name":"(anonymous_92)","decl":{"start":{"line":820,"column":36},"end":{"line":820,"column":37}},"loc":{"start":{"line":820,"column":45},"end":{"line":857,"column":9}},"line":820},"93":{"name":"(anonymous_93)","decl":{"start":{"line":823,"column":51},"end":{"line":823,"column":52}},"loc":{"start":{"line":823,"column":61},"end":{"line":856,"column":13}},"line":823},"94":{"name":"(anonymous_94)","decl":{"start":{"line":826,"column":71},"end":{"line":826,"column":72}},"loc":{"start":{"line":826,"column":91},"end":{"line":855,"column":17}},"line":826},"95":{"name":"(anonymous_95)","decl":{"start":{"line":834,"column":37},"end":{"line":834,"column":38}},"loc":{"start":{"line":834,"column":42},"end":{"line":846,"column":21}},"line":834},"96":{"name":"(anonymous_96)","decl":{"start":{"line":851,"column":37},"end":{"line":851,"column":38}},"loc":{"start":{"line":851,"column":52},"end":{"line":854,"column":21}},"line":851},"97":{"name":"(anonymous_97)","decl":{"start":{"line":861,"column":44},"end":{"line":861,"column":45}},"loc":{"start":{"line":861,"column":58},"end":{"line":866,"column":1}},"line":861},"98":{"name":"(anonymous_98)","decl":{"start":{"line":862,"column":78},"end":{"line":862,"column":79}},"loc":{"start":{"line":862,"column":93},"end":{"line":865,"column":5}},"line":862},"99":{"name":"(anonymous_99)","decl":{"start":{"line":868,"column":45},"end":{"line":868,"column":46}},"loc":{"start":{"line":868,"column":59},"end":{"line":883,"column":1}},"line":868},"100":{"name":"(anonymous_100)","decl":{"start":{"line":876,"column":126},"end":{"line":876,"column":127}},"loc":{"start":{"line":876,"column":141},"end":{"line":882,"column":5}},"line":876},"101":{"name":"(anonymous_101)","decl":{"start":{"line":885,"column":51},"end":{"line":885,"column":52}},"loc":{"start":{"line":885,"column":65},"end":{"line":898,"column":1}},"line":885},"102":{"name":"(anonymous_102)","decl":{"start":{"line":889,"column":66},"end":{"line":889,"column":67}},"loc":{"start":{"line":889,"column":87},"end":{"line":897,"column":5}},"line":889},"103":{"name":"(anonymous_103)","decl":{"start":{"line":891,"column":55},"end":{"line":891,"column":56}},"loc":{"start":{"line":891,"column":65},"end":{"line":896,"column":9}},"line":891},"104":{"name":"(anonymous_104)","decl":{"start":{"line":901,"column":48},"end":{"line":901,"column":49}},"loc":{"start":{"line":901,"column":62},"end":{"line":926,"column":1}},"line":901},"105":{"name":"(anonymous_105)","decl":{"start":{"line":921,"column":74},"end":{"line":921,"column":75}},"loc":{"start":{"line":921,"column":89},"end":{"line":925,"column":5}},"line":921},"106":{"name":"(anonymous_106)","decl":{"start":{"line":933,"column":47},"end":{"line":933,"column":48}},"loc":{"start":{"line":933,"column":61},"end":{"line":938,"column":1}},"line":933},"107":{"name":"(anonymous_107)","decl":{"start":{"line":934,"column":151},"end":{"line":934,"column":152}},"loc":{"start":{"line":934,"column":166},"end":{"line":937,"column":5}},"line":934},"108":{"name":"(anonymous_108)","decl":{"start":{"line":941,"column":48},"end":{"line":941,"column":49}},"loc":{"start":{"line":941,"column":62},"end":{"line":956,"column":1}},"line":941},"109":{"name":"(anonymous_109)","decl":{"start":{"line":948,"column":8},"end":{"line":948,"column":9}},"loc":{"start":{"line":948,"column":23},"end":{"line":954,"column":9}},"line":948},"110":{"name":"(anonymous_110)","decl":{"start":{"line":959,"column":51},"end":{"line":959,"column":52}},"loc":{"start":{"line":959,"column":65},"end":{"line":973,"column":1}},"line":959},"111":{"name":"(anonymous_111)","decl":{"start":{"line":967,"column":8},"end":{"line":967,"column":9}},"loc":{"start":{"line":967,"column":23},"end":{"line":971,"column":9}},"line":967},"112":{"name":"(anonymous_112)","decl":{"start":{"line":976,"column":54},"end":{"line":976,"column":55}},"loc":{"start":{"line":976,"column":68},"end":{"line":1015,"column":1}},"line":976},"113":{"name":"(anonymous_113)","decl":{"start":{"line":978,"column":67},"end":{"line":978,"column":68}},"loc":{"start":{"line":978,"column":82},"end":{"line":1014,"column":5}},"line":978},"114":{"name":"(anonymous_114)","decl":{"start":{"line":983,"column":107},"end":{"line":983,"column":108}},"loc":{"start":{"line":983,"column":126},"end":{"line":1013,"column":9}},"line":983},"115":{"name":"(anonymous_115)","decl":{"start":{"line":989,"column":25},"end":{"line":989,"column":26}},"loc":{"start":{"line":989,"column":31},"end":{"line":1012,"column":13}},"line":989},"116":{"name":"(anonymous_116)","decl":{"start":{"line":991,"column":71},"end":{"line":991,"column":72}},"loc":{"start":{"line":991,"column":80},"end":{"line":1011,"column":17}},"line":991},"117":{"name":"(anonymous_117)","decl":{"start":{"line":998,"column":70},"end":{"line":998,"column":71}},"loc":{"start":{"line":998,"column":80},"end":{"line":1010,"column":21}},"line":998},"118":{"name":"(anonymous_118)","decl":{"start":{"line":1000,"column":74},"end":{"line":1000,"column":75}},"loc":{"start":{"line":1000,"column":90},"end":{"line":1009,"column":25}},"line":1000},"119":{"name":"(anonymous_119)","decl":{"start":{"line":1004,"column":45},"end":{"line":1004,"column":46}},"loc":{"start":{"line":1004,"column":51},"end":{"line":1008,"column":29}},"line":1004},"120":{"name":"(anonymous_120)","decl":{"start":{"line":1020,"column":21},"end":{"line":1020,"column":22}},"loc":{"start":{"line":1020,"column":27},"end":{"line":1027,"column":5}},"line":1020}},"branchMap":{"0":{"loc":{"start":{"line":12,"column":13},"end":{"line":12,"column":37}},"type":"binary-expr","locations":[{"start":{"line":12,"column":13},"end":{"line":12,"column":29}},{"start":{"line":12,"column":33},"end":{"line":12,"column":37}}],"line":12},"1":{"loc":{"start":{"line":13,"column":16},"end":{"line":13,"column":93}},"type":"cond-expr","locations":[{"start":{"line":13,"column":50},"end":{"line":13,"column":60}},{"start":{"line":13,"column":63},"end":{"line":13,"column":93}}],"line":13},"2":{"loc":{"start":{"line":36,"column":22},"end":{"line":36,"column":46}},"type":"binary-expr","locations":[{"start":{"line":36,"column":22},"end":{"line":36,"column":38}},{"start":{"line":36,"column":42},"end":{"line":36,"column":46}}],"line":36},"3":{"loc":{"start":{"line":42,"column":4},"end":{"line":50,"column":5}},"type":"if","locations":[{"start":{"line":42,"column":4},"end":{"line":50,"column":5}},{"start":{"line":44,"column":11},"end":{"line":50,"column":5}}],"line":42},"4":{"loc":{"start":{"line":46,"column":8},"end":{"line":48,"column":9}},"type":"if","locations":[{"start":{"line":46,"column":8},"end":{"line":48,"column":9}},{"start":{},"end":{}}],"line":46},"5":{"loc":{"start":{"line":54,"column":4},"end":{"line":61,"column":5}},"type":"if","locations":[{"start":{"line":54,"column":4},"end":{"line":61,"column":5}},{"start":{"line":56,"column":11},"end":{"line":61,"column":5}}],"line":54},"6":{"loc":{"start":{"line":54,"column":8},"end":{"line":54,"column":63}},"type":"binary-expr","locations":[{"start":{"line":54,"column":8},"end":{"line":54,"column":24}},{"start":{"line":54,"column":28},"end":{"line":54,"column":63}}],"line":54},"7":{"loc":{"start":{"line":57,"column":8},"end":{"line":59,"column":9}},"type":"if","locations":[{"start":{"line":57,"column":8},"end":{"line":59,"column":9}},{"start":{},"end":{}}],"line":57},"8":{"loc":{"start":{"line":66,"column":4},"end":{"line":71,"column":5}},"type":"if","locations":[{"start":{"line":66,"column":4},"end":{"line":71,"column":5}},{"start":{"line":68,"column":11},"end":{"line":71,"column":5}}],"line":66},"9":{"loc":{"start":{"line":135,"column":12},"end":{"line":140,"column":13}},"type":"if","locations":[{"start":{"line":135,"column":12},"end":{"line":140,"column":13}},{"start":{},"end":{}}],"line":135},"10":{"loc":{"start":{"line":135,"column":16},"end":{"line":135,"column":39}},"type":"binary-expr","locations":[{"start":{"line":135,"column":16},"end":{"line":135,"column":20}},{"start":{"line":135,"column":24},"end":{"line":135,"column":39}}],"line":135},"11":{"loc":{"start":{"line":145,"column":12},"end":{"line":150,"column":13}},"type":"if","locations":[{"start":{"line":145,"column":12},"end":{"line":150,"column":13}},{"start":{},"end":{}}],"line":145},"12":{"loc":{"start":{"line":145,"column":16},"end":{"line":145,"column":77}},"type":"binary-expr","locations":[{"start":{"line":145,"column":16},"end":{"line":145,"column":20}},{"start":{"line":145,"column":24},"end":{"line":145,"column":28}},{"start":{"line":145,"column":32},"end":{"line":145,"column":77}}],"line":145},"13":{"loc":{"start":{"line":147,"column":20},"end":{"line":148,"column":93}},"type":"if","locations":[{"start":{"line":147,"column":20},"end":{"line":148,"column":93}},{"start":{"line":148,"column":25},"end":{"line":148,"column":93}}],"line":147},"14":{"loc":{"start":{"line":151,"column":12},"end":{"line":156,"column":13}},"type":"if","locations":[{"start":{"line":151,"column":12},"end":{"line":156,"column":13}},{"start":{},"end":{}}],"line":151},"15":{"loc":{"start":{"line":151,"column":16},"end":{"line":151,"column":72}},"type":"binary-expr","locations":[{"start":{"line":151,"column":16},"end":{"line":151,"column":20}},{"start":{"line":151,"column":24},"end":{"line":151,"column":28}},{"start":{"line":151,"column":32},"end":{"line":151,"column":72}}],"line":151},"16":{"loc":{"start":{"line":153,"column":20},"end":{"line":154,"column":88}},"type":"if","locations":[{"start":{"line":153,"column":20},"end":{"line":154,"column":88}},{"start":{"line":154,"column":25},"end":{"line":154,"column":88}}],"line":153},"17":{"loc":{"start":{"line":161,"column":12},"end":{"line":166,"column":13}},"type":"if","locations":[{"start":{"line":161,"column":12},"end":{"line":166,"column":13}},{"start":{},"end":{}}],"line":161},"18":{"loc":{"start":{"line":161,"column":16},"end":{"line":161,"column":72}},"type":"binary-expr","locations":[{"start":{"line":161,"column":16},"end":{"line":161,"column":20}},{"start":{"line":161,"column":24},"end":{"line":161,"column":28}},{"start":{"line":161,"column":32},"end":{"line":161,"column":72}}],"line":161},"19":{"loc":{"start":{"line":163,"column":20},"end":{"line":164,"column":96}},"type":"if","locations":[{"start":{"line":163,"column":20},"end":{"line":164,"column":96}},{"start":{"line":164,"column":25},"end":{"line":164,"column":96}}],"line":163},"20":{"loc":{"start":{"line":172,"column":12},"end":{"line":177,"column":13}},"type":"if","locations":[{"start":{"line":172,"column":12},"end":{"line":177,"column":13}},{"start":{},"end":{}}],"line":172},"21":{"loc":{"start":{"line":172,"column":16},"end":{"line":172,"column":71}},"type":"binary-expr","locations":[{"start":{"line":172,"column":16},"end":{"line":172,"column":20}},{"start":{"line":172,"column":24},"end":{"line":172,"column":28}},{"start":{"line":172,"column":32},"end":{"line":172,"column":71}}],"line":172},"22":{"loc":{"start":{"line":174,"column":20},"end":{"line":175,"column":84}},"type":"if","locations":[{"start":{"line":174,"column":20},"end":{"line":175,"column":84}},{"start":{"line":175,"column":25},"end":{"line":175,"column":84}}],"line":174},"23":{"loc":{"start":{"line":178,"column":12},"end":{"line":186,"column":13}},"type":"if","locations":[{"start":{"line":178,"column":12},"end":{"line":186,"column":13}},{"start":{},"end":{}}],"line":178},"24":{"loc":{"start":{"line":178,"column":16},"end":{"line":178,"column":72}},"type":"binary-expr","locations":[{"start":{"line":178,"column":16},"end":{"line":178,"column":20}},{"start":{"line":178,"column":24},"end":{"line":178,"column":28}},{"start":{"line":178,"column":32},"end":{"line":178,"column":72}}],"line":178},"25":{"loc":{"start":{"line":180,"column":20},"end":{"line":184,"column":21}},"type":"if","locations":[{"start":{"line":180,"column":20},"end":{"line":184,"column":21}},{"start":{"line":181,"column":25},"end":{"line":184,"column":21}}],"line":180},"26":{"loc":{"start":{"line":191,"column":12},"end":{"line":191,"column":84}},"type":"if","locations":[{"start":{"line":191,"column":12},"end":{"line":191,"column":84}},{"start":{},"end":{}}],"line":191},"27":{"loc":{"start":{"line":194,"column":12},"end":{"line":194,"column":81}},"type":"if","locations":[{"start":{"line":194,"column":12},"end":{"line":194,"column":81}},{"start":{},"end":{}}],"line":194},"28":{"loc":{"start":{"line":199,"column":12},"end":{"line":202,"column":13}},"type":"if","locations":[{"start":{"line":199,"column":12},"end":{"line":202,"column":13}},{"start":{},"end":{}}],"line":199},"29":{"loc":{"start":{"line":203,"column":12},"end":{"line":208,"column":13}},"type":"if","locations":[{"start":{"line":203,"column":12},"end":{"line":208,"column":13}},{"start":{"line":206,"column":19},"end":{"line":208,"column":13}}],"line":203},"30":{"loc":{"start":{"line":219,"column":4},"end":{"line":219,"column":44}},"type":"if","locations":[{"start":{"line":219,"column":4},"end":{"line":219,"column":44}},{"start":{},"end":{}}],"line":219},"31":{"loc":{"start":{"line":219,"column":8},"end":{"line":219,"column":30}},"type":"binary-expr","locations":[{"start":{"line":219,"column":8},"end":{"line":219,"column":18}},{"start":{"line":219,"column":22},"end":{"line":219,"column":30}}],"line":219},"32":{"loc":{"start":{"line":222,"column":4},"end":{"line":222,"column":48}},"type":"if","locations":[{"start":{"line":222,"column":4},"end":{"line":222,"column":48}},{"start":{},"end":{}}],"line":222},"33":{"loc":{"start":{"line":222,"column":8},"end":{"line":222,"column":34}},"type":"binary-expr","locations":[{"start":{"line":222,"column":8},"end":{"line":222,"column":20}},{"start":{"line":222,"column":24},"end":{"line":222,"column":34}}],"line":222},"34":{"loc":{"start":{"line":227,"column":4},"end":{"line":230,"column":5}},"type":"if","locations":[{"start":{"line":227,"column":4},"end":{"line":230,"column":5}},{"start":{},"end":{}}],"line":227},"35":{"loc":{"start":{"line":242,"column":12},"end":{"line":242,"column":38}},"type":"if","locations":[{"start":{"line":242,"column":12},"end":{"line":242,"column":38}},{"start":{},"end":{}}],"line":242},"36":{"loc":{"start":{"line":244,"column":30},"end":{"line":244,"column":60}},"type":"binary-expr","locations":[{"start":{"line":244,"column":30},"end":{"line":244,"column":55}},{"start":{"line":244,"column":59},"end":{"line":244,"column":60}}],"line":244},"37":{"loc":{"start":{"line":246,"column":12},"end":{"line":254,"column":13}},"type":"if","locations":[{"start":{"line":246,"column":12},"end":{"line":254,"column":13}},{"start":{},"end":{}}],"line":246},"38":{"loc":{"start":{"line":248,"column":27},"end":{"line":248,"column":49}},"type":"binary-expr","locations":[{"start":{"line":248,"column":27},"end":{"line":248,"column":44}},{"start":{"line":248,"column":48},"end":{"line":248,"column":49}}],"line":248},"39":{"loc":{"start":{"line":249,"column":31},"end":{"line":249,"column":46}},"type":"binary-expr","locations":[{"start":{"line":249,"column":31},"end":{"line":249,"column":40}},{"start":{"line":249,"column":44},"end":{"line":249,"column":46}}],"line":249},"40":{"loc":{"start":{"line":250,"column":35},"end":{"line":250,"column":60}},"type":"binary-expr","locations":[{"start":{"line":250,"column":35},"end":{"line":250,"column":48}},{"start":{"line":250,"column":52},"end":{"line":250,"column":60}}],"line":250},"41":{"loc":{"start":{"line":251,"column":28},"end":{"line":251,"column":46}},"type":"binary-expr","locations":[{"start":{"line":251,"column":28},"end":{"line":251,"column":34}},{"start":{"line":251,"column":38},"end":{"line":251,"column":46}}],"line":251},"42":{"loc":{"start":{"line":308,"column":20},"end":{"line":309,"column":98}},"type":"if","locations":[{"start":{"line":308,"column":20},"end":{"line":309,"column":98}},{"start":{"line":309,"column":25},"end":{"line":309,"column":98}}],"line":308},"43":{"loc":{"start":{"line":321,"column":4},"end":{"line":321,"column":51}},"type":"if","locations":[{"start":{"line":321,"column":4},"end":{"line":321,"column":51}},{"start":{},"end":{}}],"line":321},"44":{"loc":{"start":{"line":328,"column":8},"end":{"line":330,"column":9}},"type":"if","locations":[{"start":{"line":328,"column":8},"end":{"line":330,"column":9}},{"start":{},"end":{}}],"line":328},"45":{"loc":{"start":{"line":328,"column":12},"end":{"line":328,"column":24}},"type":"binary-expr","locations":[{"start":{"line":328,"column":12},"end":{"line":328,"column":15}},{"start":{"line":328,"column":19},"end":{"line":328,"column":24}}],"line":328},"46":{"loc":{"start":{"line":332,"column":8},"end":{"line":337,"column":9}},"type":"if","locations":[{"start":{"line":332,"column":8},"end":{"line":337,"column":9}},{"start":{"line":335,"column":15},"end":{"line":337,"column":9}}],"line":332},"47":{"loc":{"start":{"line":373,"column":14},"end":{"line":373,"column":36}},"type":"binary-expr","locations":[{"start":{"line":373,"column":14},"end":{"line":373,"column":27}},{"start":{"line":373,"column":31},"end":{"line":373,"column":36}}],"line":373},"48":{"loc":{"start":{"line":374,"column":4},"end":{"line":374,"column":62}},"type":"if","locations":[{"start":{"line":374,"column":4},"end":{"line":374,"column":62}},{"start":{},"end":{}}],"line":374},"49":{"loc":{"start":{"line":415,"column":8},"end":{"line":415,"column":69}},"type":"if","locations":[{"start":{"line":415,"column":8},"end":{"line":415,"column":69}},{"start":{},"end":{}}],"line":415},"50":{"loc":{"start":{"line":422,"column":12},"end":{"line":432,"column":13}},"type":"if","locations":[{"start":{"line":422,"column":12},"end":{"line":432,"column":13}},{"start":{},"end":{}}],"line":422},"51":{"loc":{"start":{"line":433,"column":12},"end":{"line":443,"column":13}},"type":"if","locations":[{"start":{"line":433,"column":12},"end":{"line":443,"column":13}},{"start":{},"end":{}}],"line":433},"52":{"loc":{"start":{"line":437,"column":16},"end":{"line":441,"column":17}},"type":"if","locations":[{"start":{"line":437,"column":16},"end":{"line":441,"column":17}},{"start":{"line":439,"column":23},"end":{"line":441,"column":17}}],"line":437},"53":{"loc":{"start":{"line":445,"column":52},"end":{"line":445,"column":124}},"type":"binary-expr","locations":[{"start":{"line":445,"column":52},"end":{"line":445,"column":72}},{"start":{"line":445,"column":76},"end":{"line":445,"column":98}},{"start":{"line":445,"column":102},"end":{"line":445,"column":124}}],"line":445},"54":{"loc":{"start":{"line":451,"column":8},"end":{"line":451,"column":69}},"type":"if","locations":[{"start":{"line":451,"column":8},"end":{"line":451,"column":69}},{"start":{},"end":{}}],"line":451},"55":{"loc":{"start":{"line":465,"column":8},"end":{"line":465,"column":69}},"type":"if","locations":[{"start":{"line":465,"column":8},"end":{"line":465,"column":69}},{"start":{},"end":{}}],"line":465},"56":{"loc":{"start":{"line":474,"column":4},"end":{"line":476,"column":5}},"type":"if","locations":[{"start":{"line":474,"column":4},"end":{"line":476,"column":5}},{"start":{},"end":{}}],"line":474},"57":{"loc":{"start":{"line":474,"column":8},"end":{"line":474,"column":53}},"type":"binary-expr","locations":[{"start":{"line":474,"column":8},"end":{"line":474,"column":19}},{"start":{"line":474,"column":23},"end":{"line":474,"column":36}},{"start":{"line":474,"column":40},"end":{"line":474,"column":53}}],"line":474},"58":{"loc":{"start":{"line":480,"column":8},"end":{"line":480,"column":103}},"type":"if","locations":[{"start":{"line":480,"column":8},"end":{"line":480,"column":103}},{"start":{},"end":{}}],"line":480},"59":{"loc":{"start":{"line":480,"column":12},"end":{"line":480,"column":27}},"type":"binary-expr","locations":[{"start":{"line":480,"column":12},"end":{"line":480,"column":15}},{"start":{"line":480,"column":19},"end":{"line":480,"column":27}}],"line":480},"60":{"loc":{"start":{"line":493,"column":20},"end":{"line":496,"column":21}},"type":"if","locations":[{"start":{"line":493,"column":20},"end":{"line":496,"column":21}},{"start":{},"end":{}}],"line":493},"61":{"loc":{"start":{"line":501,"column":28},"end":{"line":504,"column":29}},"type":"if","locations":[{"start":{"line":501,"column":28},"end":{"line":504,"column":29}},{"start":{},"end":{}}],"line":501},"62":{"loc":{"start":{"line":518,"column":4},"end":{"line":520,"column":5}},"type":"if","locations":[{"start":{"line":518,"column":4},"end":{"line":520,"column":5}},{"start":{},"end":{}}],"line":518},"63":{"loc":{"start":{"line":518,"column":8},"end":{"line":518,"column":64}},"type":"binary-expr","locations":[{"start":{"line":518,"column":8},"end":{"line":518,"column":19}},{"start":{"line":518,"column":23},"end":{"line":518,"column":32}},{"start":{"line":518,"column":36},"end":{"line":518,"column":49}},{"start":{"line":518,"column":53},"end":{"line":518,"column":64}}],"line":518},"64":{"loc":{"start":{"line":526,"column":12},"end":{"line":526,"column":102}},"type":"if","locations":[{"start":{"line":526,"column":12},"end":{"line":526,"column":102}},{"start":{},"end":{}}],"line":526},"65":{"loc":{"start":{"line":529,"column":12},"end":{"line":532,"column":13}},"type":"if","locations":[{"start":{"line":529,"column":12},"end":{"line":532,"column":13}},{"start":{},"end":{}}],"line":529},"66":{"loc":{"start":{"line":537,"column":16},"end":{"line":537,"column":52}},"type":"if","locations":[{"start":{"line":537,"column":16},"end":{"line":537,"column":52}},{"start":{},"end":{}}],"line":537},"67":{"loc":{"start":{"line":538,"column":16},"end":{"line":544,"column":17}},"type":"if","locations":[{"start":{"line":538,"column":16},"end":{"line":544,"column":17}},{"start":{"line":541,"column":23},"end":{"line":544,"column":17}}],"line":538},"68":{"loc":{"start":{"line":547,"column":36},"end":{"line":547,"column":45}},"type":"default-arg","locations":[{"start":{"line":547,"column":44},"end":{"line":547,"column":45}}],"line":547},"69":{"loc":{"start":{"line":548,"column":16},"end":{"line":558,"column":17}},"type":"if","locations":[{"start":{"line":548,"column":16},"end":{"line":558,"column":17}},{"start":{},"end":{}}],"line":548},"70":{"loc":{"start":{"line":552,"column":28},"end":{"line":552,"column":132}},"type":"if","locations":[{"start":{"line":552,"column":28},"end":{"line":552,"column":132}},{"start":{},"end":{}}],"line":552},"71":{"loc":{"start":{"line":561,"column":20},"end":{"line":561,"column":104}},"type":"if","locations":[{"start":{"line":561,"column":20},"end":{"line":561,"column":104}},{"start":{},"end":{}}],"line":561},"72":{"loc":{"start":{"line":578,"column":4},"end":{"line":580,"column":5}},"type":"if","locations":[{"start":{"line":578,"column":4},"end":{"line":580,"column":5}},{"start":{},"end":{}}],"line":578},"73":{"loc":{"start":{"line":578,"column":8},"end":{"line":578,"column":91}},"type":"binary-expr","locations":[{"start":{"line":578,"column":8},"end":{"line":578,"column":24}},{"start":{"line":578,"column":28},"end":{"line":578,"column":59}},{"start":{"line":578,"column":63},"end":{"line":578,"column":91}}],"line":578},"74":{"loc":{"start":{"line":592,"column":16},"end":{"line":592,"column":46}},"type":"if","locations":[{"start":{"line":592,"column":16},"end":{"line":592,"column":46}},{"start":{},"end":{}}],"line":592},"75":{"loc":{"start":{"line":600,"column":12},"end":{"line":603,"column":13}},"type":"if","locations":[{"start":{"line":600,"column":12},"end":{"line":603,"column":13}},{"start":{},"end":{}}],"line":600},"76":{"loc":{"start":{"line":600,"column":16},"end":{"line":600,"column":36}},"type":"binary-expr","locations":[{"start":{"line":600,"column":16},"end":{"line":600,"column":19}},{"start":{"line":600,"column":23},"end":{"line":600,"column":36}}],"line":600},"77":{"loc":{"start":{"line":625,"column":8},"end":{"line":625,"column":69}},"type":"if","locations":[{"start":{"line":625,"column":8},"end":{"line":625,"column":69}},{"start":{},"end":{}}],"line":625},"78":{"loc":{"start":{"line":653,"column":12},"end":{"line":656,"column":13}},"type":"if","locations":[{"start":{"line":653,"column":12},"end":{"line":656,"column":13}},{"start":{},"end":{}}],"line":653},"79":{"loc":{"start":{"line":653,"column":16},"end":{"line":653,"column":63}},"type":"binary-expr","locations":[{"start":{"line":653,"column":16},"end":{"line":653,"column":19}},{"start":{"line":653,"column":23},"end":{"line":653,"column":35}},{"start":{"line":653,"column":39},"end":{"line":653,"column":63}}],"line":653},"80":{"loc":{"start":{"line":654,"column":16},"end":{"line":654,"column":41}},"type":"if","locations":[{"start":{"line":654,"column":16},"end":{"line":654,"column":41}},{"start":{},"end":{}}],"line":654},"81":{"loc":{"start":{"line":662,"column":16},"end":{"line":667,"column":17}},"type":"if","locations":[{"start":{"line":662,"column":16},"end":{"line":667,"column":17}},{"start":{},"end":{}}],"line":662},"82":{"loc":{"start":{"line":662,"column":20},"end":{"line":662,"column":36}},"type":"binary-expr","locations":[{"start":{"line":662,"column":20},"end":{"line":662,"column":25}},{"start":{"line":662,"column":29},"end":{"line":662,"column":36}}],"line":662},"83":{"loc":{"start":{"line":665,"column":24},"end":{"line":665,"column":78}},"type":"if","locations":[{"start":{"line":665,"column":24},"end":{"line":665,"column":78}},{"start":{},"end":{}}],"line":665},"84":{"loc":{"start":{"line":670,"column":16},"end":{"line":673,"column":17}},"type":"if","locations":[{"start":{"line":670,"column":16},"end":{"line":673,"column":17}},{"start":{},"end":{}}],"line":670},"85":{"loc":{"start":{"line":671,"column":20},"end":{"line":671,"column":45}},"type":"if","locations":[{"start":{"line":671,"column":20},"end":{"line":671,"column":45}},{"start":{},"end":{}}],"line":671},"86":{"loc":{"start":{"line":687,"column":24},"end":{"line":687,"column":52}},"type":"if","locations":[{"start":{"line":687,"column":24},"end":{"line":687,"column":52}},{"start":{},"end":{}}],"line":687},"87":{"loc":
[...]
ine":780,"column":87}}],"line":780},"93":{"loc":{"start":{"line":781,"column":56},"end":{"line":781,"column":77}},"type":"binary-expr","locations":[{"start":{"line":781,"column":56},"end":{"line":781,"column":72}},{"start":{"line":781,"column":76},"end":{"line":781,"column":77}}],"line":781},"94":{"loc":{"start":{"line":782,"column":56},"end":{"line":782,"column":77}},"type":"binary-expr","locations":[{"start":{"line":782,"column":56},"end":{"line":782,"column":72}},{"start":{"line":782,"column":76},"end":{"line":782,"column":77}}],"line":782},"95":{"loc":{"start":{"line":783,"column":58},"end":{"line":783,"column":69}},"type":"binary-expr","locations":[{"start":{"line":783,"column":58},"end":{"line":783,"column":63}},{"start":{"line":783,"column":67},"end":{"line":783,"column":69}}],"line":783},"96":{"loc":{"start":{"line":784,"column":65},"end":{"line":784,"column":76}},"type":"binary-expr","locations":[{"start":{"line":784,"column":65},"end":{"line":784,"column":70}},{"start":{"line":784,"column":74},"end":{"line":784,"column":76}}],"line":784},"97":{"loc":{"start":{"line":785,"column":66},"end":{"line":785,"column":77}},"type":"binary-expr","locations":[{"start":{"line":785,"column":66},"end":{"line":785,"column":71}},{"start":{"line":785,"column":75},"end":{"line":785,"column":77}}],"line":785},"98":{"loc":{"start":{"line":786,"column":66},"end":{"line":786,"column":77}},"type":"binary-expr","locations":[{"start":{"line":786,"column":66},"end":{"line":786,"column":71}},{"start":{"line":786,"column":75},"end":{"line":786,"column":77}}],"line":786},"99":{"loc":{"start":{"line":811,"column":8},"end":{"line":811,"column":69}},"type":"if","locations":[{"start":{"line":811,"column":8},"end":{"line":811,"column":69}},{"start":{},"end":{}}],"line":811},"100":{"loc":{"start":{"line":821,"column":12},"end":{"line":821,"column":107}},"type":"if","locations":[{"start":{"line":821,"column":12},"end":{"line":821,"column":107}},{"start":{},"end":{}}],"line":821},"101":{"loc":{"start":{"line":824,"column":16},"end":{"line":824,"column":114}},"type":"if","locations":[{"start":{"line":824,"column":16},"end":{"line":824,"column":114}},{"start":{},"end":{}}],"line":824},"102":{"loc":{"start":{"line":827,"column":20},"end":{"line":827,"column":134}},"type":"if","locations":[{"start":{"line":827,"column":20},"end":{"line":827,"column":134}},{"start":{},"end":{}}],"line":827},"103":{"loc":{"start":{"line":827,"column":24},"end":{"line":827,"column":48}},"type":"binary-expr","locations":[{"start":{"line":827,"column":24},"end":{"line":827,"column":28}},{"start":{"line":827,"column":32},"end":{"line":827,"column":48}}],"line":827},"104":{"loc":{"start":{"line":840,"column":67},"end":{"line":840,"column":89}},"type":"binary-expr","locations":[{"start":{"line":840,"column":67},"end":{"line":840,"column":84}},{"start":{"line":840,"column":88},"end":{"line":840,"column":89}}],"line":840},"105":{"loc":{"start":{"line":852,"column":24},"end":{"line":852,"column":96}},"type":"if","locations":[{"start":{"line":852,"column":24},"end":{"line":852,"column":96}},{"start":{},"end":{}}],"line":852},"106":{"loc":{"start":{"line":863,"column":8},"end":{"line":863,"column":69}},"type":"if","locations":[{"start":{"line":863,"column":8},"end":{"line":863,"column":69}},{"start":{},"end":{}}],"line":863},"107":{"loc":{"start":{"line":870,"column":4},"end":{"line":870,"column":121}},"type":"if","locations":[{"start":{"line":870,"column":4},"end":{"line":870,"column":121}},{"start":{},"end":{}}],"line":870},"108":{"loc":{"start":{"line":870,"column":8},"end":{"line":870,"column":44}},"type":"binary-expr","locations":[{"start":{"line":870,"column":8},"end":{"line":870,"column":17}},{"start":{"line":870,"column":21},"end":{"line":870,"column":30}},{"start":{"line":870,"column":34},"end":{"line":870,"column":44}}],"line":870},"109":{"loc":{"start":{"line":872,"column":18},"end":{"line":872,"column":58}},"type":"cond-expr","locations":[{"start":{"line":872,"column":39},"end":{"line":872,"column":48}},{"start":{"line":872,"column":51},"end":{"line":872,"column":58}}],"line":872},"110":{"loc":{"start":{"line":877,"column":8},"end":{"line":877,"column":132}},"type":"if","locations":[{"start":{"line":877,"column":8},"end":{"line":877,"column":132}},{"start":{},"end":{}}],"line":877},"111":{"loc":{"start":{"line":888,"column":4},"end":{"line":888,"column":103}},"type":"if","locations":[{"start":{"line":888,"column":4},"end":{"line":888,"column":103}},{"start":{},"end":{}}],"line":888},"112":{"loc":{"start":{"line":890,"column":8},"end":{"line":890,"column":86}},"type":"if","locations":[{"start":{"line":890,"column":8},"end":{"line":890,"column":86}},{"start":{},"end":{}}],"line":890},"113":{"loc":{"start":{"line":890,"column":12},"end":{"line":890,"column":30}},"type":"binary-expr","locations":[{"start":{"line":890,"column":12},"end":{"line":890,"column":15}},{"start":{"line":890,"column":19},"end":{"line":890,"column":30}}],"line":890},"114":{"loc":{"start":{"line":892,"column":12},"end":{"line":892,"column":76}},"type":"if","locations":[{"start":{"line":892,"column":12},"end":{"line":892,"column":76}},{"start":{},"end":{}}],"line":892},"115":{"loc":{"start":{"line":904,"column":4},"end":{"line":904,"column":93}},"type":"if","locations":[{"start":{"line":904,"column":4},"end":{"line":904,"column":93}},{"start":{},"end":{}}],"line":904},"116":{"loc":{"start":{"line":904,"column":8},"end":{"line":904,"column":26}},"type":"binary-expr","locations":[{"start":{"line":904,"column":8},"end":{"line":904,"column":13}},{"start":{"line":904,"column":17},"end":{"line":904,"column":26}}],"line":904},"117":{"loc":{"start":{"line":909,"column":4},"end":{"line":912,"column":5}},"type":"if","locations":[{"start":{"line":909,"column":4},"end":{"line":912,"column":5}},{"start":{},"end":{}}],"line":909},"118":{"loc":{"start":{"line":911,"column":20},"end":{"line":911,"column":60}},"type":"cond-expr","locations":[{"start":{"line":911,"column":41},"end":{"line":911,"column":50}},{"start":{"line":911,"column":53},"end":{"line":911,"column":60}}],"line":911},"119":{"loc":{"start":{"line":913,"column":4},"end":{"line":918,"column":5}},"type":"if","locations":[{"start":{"line":913,"column":4},"end":{"line":918,"column":5}},{"start":{},"end":{}}],"line":913},"120":{"loc":{"start":{"line":922,"column":8},"end":{"line":922,"column":75}},"type":"if","locations":[{"start":{"line":922,"column":8},"end":{"line":922,"column":75}},{"start":{},"end":{}}],"line":922},"121":{"loc":{"start":{"line":923,"column":8},"end":{"line":923,"column":86}},"type":"if","locations":[{"start":{"line":923,"column":8},"end":{"line":923,"column":86}},{"start":{},"end":{}}],"line":923},"122":{"loc":{"start":{"line":935,"column":8},"end":{"line":935,"column":69}},"type":"if","locations":[{"start":{"line":935,"column":8},"end":{"line":935,"column":69}},{"start":{},"end":{}}],"line":935},"123":{"loc":{"start":{"line":943,"column":4},"end":{"line":943,"column":108}},"type":"if","locations":[{"start":{"line":943,"column":4},"end":{"line":943,"column":108}},{"start":{},"end":{}}],"line":943},"124":{"loc":{"start":{"line":943,"column":8},"end":{"line":943,"column":45}},"type":"binary-expr","locations":[{"start":{"line":943,"column":8},"end":{"line":943,"column":21}},{"start":{"line":943,"column":25},"end":{"line":943,"column":45}}],"line":943},"125":{"loc":{"start":{"line":947,"column":30},"end":{"line":947,"column":52}},"type":"binary-expr","locations":[{"start":{"line":947,"column":30},"end":{"line":947,"column":47}},{"start":{"line":947,"column":51},"end":{"line":947,"column":52}}],"line":947},"126":{"loc":{"start":{"line":947,"column":55},"end":{"line":947,"column":70}},"type":"binary-expr","locations":[{"start":{"line":947,"column":55},"end":{"line":947,"column":64}},{"start":{"line":947,"column":68},"end":{"line":947,"column":70}}],"line":947},"127":{"loc":{"start":{"line":947,"column":81},"end":{"line":947,"column":106}},"type":"binary-expr","locations":[{"start":{"line":947,"column":81},"end":{"line":947,"column":94}},{"start":{"line":947,"column":98},"end":{"line":947,"column":106}}],"line":947},"128":{"loc":{"start":{"line":947,"column":116},"end":{"line":947,"column":146}},"type":"binary-expr","locations":[{"start":{"line":947,"column":116},"end":{"line":947,"column":141}},{"start":{"line":947,"column":145},"end":{"line":947,"column":146}}],"line":947},"129":{"loc":{"start":{"line":949,"column":12},"end":{"line":949,"column":106}},"type":"if","locations":[{"start":{"line":949,"column":12},"end":{"line":949,"column":106}},{"start":{},"end":{}}],"line":949},"130":{"loc":{"start":{"line":962,"column":4},"end":{"line":962,"column":108}},"type":"if","locations":[{"start":{"line":962,"column":4},"end":{"line":962,"column":108}},{"start":{},"end":{}}],"line":962},"131":{"loc":{"start":{"line":962,"column":8},"end":{"line":962,"column":45}},"type":"binary-expr","locations":[{"start":{"line":962,"column":8},"end":{"line":962,"column":21}},{"start":{"line":962,"column":25},"end":{"line":962,"column":45}}],"line":962},"132":{"loc":{"start":{"line":966,"column":30},"end":{"line":966,"column":52}},"type":"binary-expr","locations":[{"start":{"line":966,"column":30},"end":{"line":966,"column":47}},{"start":{"line":966,"column":51},"end":{"line":966,"column":52}}],"line":966},"133":{"loc":{"start":{"line":966,"column":55},"end":{"line":966,"column":70}},"type":"binary-expr","locations":[{"start":{"line":966,"column":55},"end":{"line":966,"column":64}},{"start":{"line":966,"column":68},"end":{"line":966,"column":70}}],"line":966},"134":{"loc":{"start":{"line":966,"column":81},"end":{"line":966,"column":106}},"type":"binary-expr","locations":[{"start":{"line":966,"column":81},"end":{"line":966,"column":94}},{"start":{"line":966,"column":98},"end":{"line":966,"column":106}}],"line":966},"135":{"loc":{"start":{"line":966,"column":116},"end":{"line":966,"column":146}},"type":"binary-expr","locations":[{"start":{"line":966,"column":116},"end":{"line":966,"column":141}},{"start":{"line":966,"column":145},"end":{"line":966,"column":146}}],"line":966},"136":{"loc":{"start":{"line":968,"column":12},"end":{"line":968,"column":99}},"type":"if","locations":[{"start":{"line":968,"column":12},"end":{"line":968,"column":99}},{"start":{},"end":{}}],"line":968},"137":{"loc":{"start":{"line":969,"column":12},"end":{"line":969,"column":90}},"type":"if","locations":[{"start":{"line":969,"column":12},"end":{"line":969,"column":90}},{"start":{},"end":{}}],"line":969},"138":{"loc":{"start":{"line":979,"column":8},"end":{"line":979,"column":80}},"type":"if","locations":[{"start":{"line":979,"column":8},"end":{"line":979,"column":80}},{"start":{},"end":{}}],"line":979},"139":{"loc":{"start":{"line":979,"column":12},"end":{"line":979,"column":24}},"type":"binary-expr","locations":[{"start":{"line":979,"column":12},"end":{"line":979,"column":15}},{"start":{"line":979,"column":19},"end":{"line":979,"column":24}}],"line":979},"140":{"loc":{"start":{"line":984,"column":12},"end":{"line":984,"column":95}},"type":"if","locations":[{"start":{"line":984,"column":12},"end":{"line":984,"column":95}},{"start":{},"end":{}}],"line":984},"141":{"loc":{"start":{"line":985,"column":12},"end":{"line":987,"column":13}},"type":"if","locations":[{"start":{"line":985,"column":12},"end":{"line":987,"column":13}},{"start":{},"end":{}}],"line":985},"142":{"loc":{"start":{"line":985,"column":16},"end":{"line":985,"column":50}},"type":"binary-expr","locations":[{"start":{"line":985,"column":16},"end":{"line":985,"column":24}},{"start":{"line":985,"column":28},"end":{"line":985,"column":50}}],"line":985},"143":{"loc":{"start":{"line":992,"column":20},"end":{"line":992,"column":110}},"type":"if","locations":[{"start":{"line":992,"column":20},"end":{"line":992,"column":110}},{"start":{},"end":{}}],"line":992},"144":{"loc":{"start":{"line":999,"column":24},"end":{"line":999,"column":121}},"type":"if","locations":[{"start":{"line":999,"column":24},"end":{"line":999,"column":121}},{"start":{},"end":{}}],"line":999},"145":{"loc":{"start":{"line":1001,"column":28},"end":{"line":1001,"column":120}},"type":"if","locations":[{"start":{"line":1001,"column":28},"end":{"line":1001,"column":120}},{"start":{},"end":{}}],"line":1001},"146":{"loc":{"start":{"line":1002,"column":28},"end":{"line":1002,"column":130}},"type":"if","locations":[{"start":{"line":1002,"column":28},"end":{"line":1002,"column":130}},{"start":{},"end":{}}],"line":1002},"147":{"loc":{"start":{"line":1019,"column":0},"end":{"line":1028,"column":1}},"type":"if","locations":[{"start":{"line":1019,"column":0},"end":{"line":1028,"column":1}},{"start":{},"end":{}}],"line":1019},"148":{"loc":{"start":{"line":1025,"column":25},"end":{"line":1025,"column":117}},"type":"cond-expr","locations":[{"start":{"line":1025,"column":57},"end":{"line":1025,"column":63}},{"start":{"line":1025,"column":66},"end":{"line":1025,"column":117}}],"line":1025},"149":{"loc":{"start":{"line":1025,"column":66},"end":{"line":1025,"column":117}},"type":"cond-expr","locations":[{"start":{"line":1025,"column":97},"end":{"line":1025,"column":104}},{"start":{"line":1025,"column":107},"end":{"line":1025,"column":117}}],"line":1025}},"s":{"0":1,"1":1,"2":1,"3":1,"4":1,"5":1,"6":1,"7":1,"8":1,"9":1,"10":1,"11":1,"12":1,"13":1,"14":1,"15":1,"16":1,"17":1,"18":1,"19":1,"20":1,"21":8,"22":8,"23":1,"24":4,"25":2,"26":2,"27":1,"28":1,"29":1,"30":1,"31":1,"32":0,"33":0,"34":0,"35":1,"36":1,"37":0,"38":1,"39":1,"40":1,"41":1,"42":1,"43":1,"44":1,"45":1,"46":1,"47":1,"48":1,"49":1,"50":1,"51":1,"52":1,"53":1,"54":7,"55":0,"56":0,"57":0,"58":0,"59":1,"60":8,"61":0,"62":0,"63":0,"64":0,"65":1,"66":1,"67":7,"68":0,"69":0,"70":0,"71":0,"72":1,"73":1,"74":4,"75":0,"76":0,"77":0,"78":0,"79":1,"80":6,"81":0,"82":0,"83":0,"84":0,"85":0,"86":1,"87":1,"88":1,"89":1,"90":1,"91":1,"92":1,"93":1,"94":0,"95":0,"96":1,"97":1,"98":1,"99":0,"100":1,"101":0,"102":0,"103":0,"104":0,"105":0,"106":0,"107":0,"108":1,"109":0,"110":0,"111":1,"112":1,"113":1,"114":1,"115":6,"116":2393,"117":2393,"118":2393,"119":0,"120":0,"121":0,"122":0,"123":0,"124":0,"125":0,"126":0,"127":0,"128":0,"129":0,"130":0,"131":1,"132":1,"133":1,"134":1,"135":0,"136":1,"137":1,"138":1,"139":0,"140":1,"141":1,"142":1,"143":1,"144":0,"145":1,"146":1,"147":1,"148":0,"149":1,"150":1,"151":0,"152":0,"153":0,"154":1,"155":2,"156":2,"157":2,"158":0,"159":2,"160":1,"161":1,"162":1,"163":1,"164":1,"165":1,"166":1,"167":0,"168":1,"169":0,"170":1,"171":0,"172":1,"173":0,"174":1,"175":0,"176":1,"177":0,"178":0,"179":0,"180":0,"181":1,"182":0,"183":1,"184":0,"185":1,"186":1,"187":1,"188":1,"189":1,"190":0,"191":1,"192":1,"193":1,"194":0,"195":0,"196":0,"197":0,"198":0,"199":0,"200":0,"201":0,"202":0,"203":1,"204":0,"205":1,"206":1,"207":1,"208":0,"209":1,"210":1,"211":0,"212":0,"213":0,"214":0,"215":0,"216":1,"217":0,"218":0,"219":0,"220":0,"221":0,"222":0,"223":0,"224":0,"225":0,"226":0,"227":0,"228":0,"229":0,"230":0,"231":0,"232":0,"233":0,"234":0,"235":0,"236":0,"237":0,"238":1,"239":0,"240":0,"241":0,"242":0,"243":0,"244":0,"245":0,"246":0,"247":0,"248":0,"249":0,"250":0,"251":0,"252":0,"253":0,"254":0,"255":0,"256":0,"257":0,"258":0,"259":0,"260":0,"261":0,"262":0,"263":0,"264":0,"265":0,"266":0,"267":0,"268":0,"269":0,"270":0,"271":0,"272":0,"273":0,"274":0,"275":0,"276":0,"277":0,"278":0,"279":0,"280":1,"281":0,"282":0,"283":0,"284":0,"285":0,"286":0,"287":0,"288":0,"289":0,"290":0,"291":0,"292":0,"293":0,"294":0,"295":0,"296":0,"297":0,"298":1,"299":0,"300":0,"301":0,"302":0,"303":0,"304":1,"305":1,"306":1,"307":1,"308":1,"309":0,"310":1,"311":0,"312":0,"313":0,"314":0,"315":0,"316":0,"317":0,"318":0,"319":0,"320":0,"321":0,"322":0,"323":0,"324":0,"325":0,"326":0,"327":0,"328":0,"329":0,"330":0,"331":0,"332":0,"333":0,"334":0,"335":0,"336":0,"337":0,"338":1,"339":0,"340":0,"341":0,"342":0,"343":0,"344":0,"345":0,"346":0,"347":0,"348":0,"349":0,"350":0,"351":0,"352":0,"353":0,"354":0,"355":0,"356":0,"357":0,"358":0,"359":0,"360":1,"361":0,"362":0,"363":0,"364":0,"365":0,"366":1,"367":0,"368":0,"369":0,"370":0,"371":0,"372":0,"373":0,"374":0,"375":0,"376":0,"377":0,"378":0,"379":0,"380":0,"381":0,"382":0,"383":0,"384":0,"385":0,"386":0,"387":0,"388":0,"389":0,"390":0,"391":0,"392":0,"393":0,"394":0,"395":0,"396":0,"397":0,"398":0,"399":0,"400":0,"401":0,"402":1,"403":0,"404":0,"405":0,"406":0,"407":1,"408":0,"409":0,"410":0,"411":0,"412":0,"413":0,"414":0,"415":0,"416":0,"417":0,"418":0,"419":0,"420":1,"421":0,"422":0,"423":0,"424":0,"425":0,"426":0,"427":0,"428":0,"429":0,"430":0,"431":0,"432":1,"433":0,"434":0,"435":0,"436":0,"437":0,"438":0,"439":0,"440":0,"441":0,"442":0,"443":0,"444":0,"445":0,"446":0,"447":0,"448":0,"449":0,"450":0,"451":0,"452":0,"453":0,"454":1,"455":0,"456":0,"457":0,"458":0,"459":1,"460":1,"461":1,"462":1,"463":0,"464":0,"465":0,"466":0,"467":0,"468":0,"469":1,"470":0,"471":0,"472":0,"473":0,"474":0,"475":0,"476":0,"477":0,"478":0,"479":0,"480":1,"481":0,"482":0,"483":0,"484":0,"485":0,"486":0,"487":0,"488":0,"489":0,"490":0,"491":0,"492":0,"493":0,"494":0,"495":0,"496":0,"497":0,"498":0,"499":0,"500":0,"501":0,"502":0,"503":0,"504":0,"505":0,"506":0,"507":0,"508":0,"509":0,"510":0,"511":1,"512":0,"513":0,"514":0,"515":0,"516":0,"517":1},"f":{"0":8,"1":4,"2":1,"3":1,"4":1,"5":1,"6":1,"7":1,"8":7,"9":0,"10":8,"11":0,"12":1,"13":7,"14":0,"15":1,"16":4,"17":0,"18":6,"19":0,"20":1,"21":1,"22":1,"23":1,"24":0,"25":1,"26":6,"27":2393,"28":1,"29":1,"30":1,"31":0,"32":2,"33":2,"34":1,"35":0,"36":0,"37":0,"38":0,"39":0,"40":0,"41":0,"42":0,"43":1,"44":1,"45":0,"46":1,"47":1,"48":0,"49":0,"50":0,"51":0,"52":0,"53":0,"54":0,"55":0,"56":0,"57":0,"58":0,"59":0,"60":0,"61":0,"62":0,"63":0,"64":0,"65":0,"66":0,"67":0,"68":0,"69":1,"70":1,"71":1,"72":0,"73":0,"74":0,"75":0,"76":0,"77":0,"78":0,"79":0,"80":0,"81":0,"82":0,"83":0,"84":0,"85":0,"86":0,"87":0,"88":0,"89":0,"90":0,"91":0,"92":0,"93":0,"94":0,"95":0,"96":0,"97":0,"98":0,"99":0,"100":0,"101":0,"102":0,"103":0,"104":0,"105":0,"106":0,"107":0,"108":1,"109":0,"110":0,"111":0,"112":0,"113":0,"114":0,"115":0,"116":0,"117":0,"118":0,"119":0,"120":0},"b":{"0":[1,1],"1":[1,0],"2":[8,4],"3":[2,2],"4":[1,1],"5":[1,0],"6":[1,1],"7":[0,0],"8":[0,1],"9":[1,0],"10":[1,1],"11":[0,1],"12":[1,1,1],"13":[0,0],"14":[0,1],"15":[1,1,1],"16":[0,0],"17":[0,1],"18":[1,1,1],"19":[0,0],"20":[0,1],"21":[1,1,1],"22":[0,0],"23":[0,1],"24":[1,1,1],"25":[0,0],"26":[1,0],"27":[1,0],"28":[0,1],"29":[1,0],"30":[0,0],"31":[0,0],"32":[0,0],"33":[0,0],"34":[0,1],"35":[2393,0],"36":[0,0],"37":[0,0],"38":[0,0],"39":[0,0],"40":[0,0],"41":[0,0],"42":[0,1],"43":[0,0],"44":[0,2],"45":[2,2],"46":[1,1],"47":[0,0],"48":[0,0],"49":[0,1],"50":[0,0],"51":[0,0],"52":[0,0],"53":[0,0,0],"54":[0,1],"55":[0,0],"56":[0,0],"57":[0,0,0],"58":[0,0],"59":[0,0],"60":[0,0],"61":[0,0],"62":[0,0],"63":[0,0,0,0],"64":[0,0],"65":[0,0],"66":[0,0],"67":[0,0],"68":[0],"69":[0,0],"70":[0,0],"71":[0,0],"72":[0,0],"73":[0,0,0],"74":[0,0],"75":[0,0],"76":[0,0],"77":[0,0],"78":[1,0],"79":[1,1,1],"80":[0,1],"81":[0,0],"82":[0,0],"83":[0,0],"84":[0,0],"85":[0,0],"86":[0,0],"87":[0,0],"88":[0,0],"89":[0,0,0,0,0,0,0,0,0],"90":[0,0],"91":[0,0],"92":[0,0],"93":[0,0],"94":[0,0],"95":[0,0],"96":[0,0],"97":[0,0],"98":[0,0],"99":[0,0],"100":[0,0],"101":[0,0],"102":[0,0],"103":[0,0],"104":[0,0],"105":[0,0],"106":[0,0],"107":[0,0],"108":[0,0,0],"109":[0,0],"110":[0,0],"111":[0,0],"112":[0,0],"113":[0,0],"114":[0,0],"115":[0,0],"116":[0,0],"117":[0,0],"118":[0,0],"119":[0,0],"120":[0,0],"121":[0,0],"122":[0,0],"123":[1,0],"124":[1,0],"125":[0,0],"126":[0,0],"127":[0,0],"128":[0,0],"129":[0,0],"130":[0,0],"131":[0,0],"132":[0,0],"133":[0,0],"134":[0,0],"135":[0,0],"136":[0,0],"137":[0,0],"138":[0,0],"139":[0,0],"140":[0,0],"141":[0,0],"142":[0,0],"143":[0,0],"144":[0,0],"145":[0,0],"146":[0,0],"147":[0,1],"148":[0,0],"149":[0,0]},"_coverageSchema":"1a1c01bbd47fc00a2c39e90264f33305004495a9","hash":"a11f9abd224e75eb781da2af4519160da0eb505e"}
}
