TN:
SF:server.js
FN:35,(anonymous_0)
FN:41,(anonymous_1)
FN:53,(anonymous_2)
FN:65,(anonymous_3)
FN:74,initializeDatabase
FN:75,(anonymous_5)
FN:134,(anonymous_6)
FN:144,(anonymous_7)
FN:145,(anonymous_8)
FN:146,(anonymous_9)
FN:151,(anonymous_10)
FN:152,(anonymous_11)
FN:160,(anonymous_12)
FN:161,(anonymous_13)
FN:162,(anonymous_14)
FN:171,(anonymous_15)
FN:172,(anonymous_16)
FN:173,(anonymous_17)
FN:178,(anonymous_18)
FN:179,(anonymous_19)
FN:190,(anonymous_20)
FN:193,(anonymous_21)
FN:198,(anonymous_22)
FN:214,getBangkokTimestamp
FN:218,calculateDaysBetween
FN:226,seedFromCSV
FN:238,(anonymous_26)
FN:240,(anonymous_27)
FN:278,(anonymous_28)
FN:279,(anonymous_29)
FN:307,(anonymous_30)
FN:320,(anonymous_31)
FN:325,(anonymous_32)
FN:327,(anonymous_33)
FN:341,(anonymous_34)
FN:347,(anonymous_35)
FN:351,(anonymous_36)
FN:355,(anonymous_37)
FN:359,(anonymous_38)
FN:366,(anonymous_39)
FN:372,(anonymous_40)
FN:382,(anonymous_41)
FN:386,(anonymous_42)
FN:395,(anonymous_43)
FN:414,(anonymous_44)
FN:445,(anonymous_45)
FN:449,(anonymous_46)
FN:450,(anonymous_47)
FN:456,(anonymous_48)
FN:464,(anonymous_49)
FN:471,(anonymous_50)
FN:479,(anonymous_51)
FN:487,(anonymous_52)
FN:492,(anonymous_53)
FN:500,(anonymous_54)
FN:515,(anonymous_55)
FN:523,(anonymous_56)
FN:525,(anonymous_57)
FN:528,(anonymous_58)
FN:547,(anonymous_59)
FN:551,(anonymous_60)
FN:560,(anonymous_61)
FN:575,(anonymous_62)
FN:582,(anonymous_63)
FN:589,(anonymous_64)
FN:591,(anonymous_65)
FN:599,(anonymous_66)
FN:609,(anonymous_67)
FN:624,(anonymous_68)
FN:633,autoLogExpiredProducts
FN:634,(anonymous_70)
FN:652,(anonymous_71)
FN:660,(anonymous_72)
FN:663,(anonymous_73)
FN:669,(anonymous_74)
FN:684,(anonymous_75)
FN:686,(anonymous_76)
FN:692,(anonymous_77)
FN:701,(anonymous_78)
FN:765,(anonymous_79)
FN:766,(anonymous_80)
FN:767,(anonymous_81)
FN:768,(anonymous_82)
FN:769,(anonymous_83)
FN:770,(anonymous_84)
FN:771,(anonymous_85)
FN:772,(anonymous_86)
FN:773,(anonymous_87)
FN:799,(anonymous_88)
FN:810,(anonymous_89)
FN:817,(anonymous_90)
FN:818,(anonymous_91)
FN:820,(anonymous_92)
FN:823,(anonymous_93)
FN:826,(anonymous_94)
FN:834,(anonymous_95)
FN:851,(anonymous_96)
FN:861,(anonymous_97)
FN:862,(anonymous_98)
FN:868,(anonymous_99)
FN:876,(anonymous_100)
FN:885,(anonymous_101)
FN:889,(anonymous_102)
FN:891,(anonymous_103)
FN:901,(anonymous_104)
FN:921,(anonymous_105)
FN:933,(anonymous_106)
FN:934,(anonymous_107)
FN:941,(anonymous_108)
FN:948,(anonymous_109)
FN:959,(anonymous_110)
FN:967,(anonymous_111)
FN:976,(anonymous_112)
FN:978,(anonymous_113)
FN:983,(anonymous_114)
FN:989,(anonymous_115)
FN:991,(anonymous_116)
FN:998,(anonymous_117)
FN:1000,(anonymous_118)
FN:1004,(anonymous_119)
FN:1020,(anonymous_120)
FNF:121
FNH:36
FNDA:8,(anonymous_0)
FNDA:4,(anonymous_1)
FNDA:1,(anonymous_2)
FNDA:1,(anonymous_3)
FNDA:1,initializeDatabase
FNDA:1,(anonymous_5)
FNDA:1,(anonymous_6)
FNDA:1,(anonymous_7)
FNDA:7,(anonymous_8)
FNDA:0,(anonymous_9)
FNDA:8,(anonymous_10)
FNDA:0,(anonymous_11)
FNDA:1,(anonymous_12)
FNDA:7,(anonymous_13)
FNDA:0,(anonymous_14)
FNDA:1,(anonymous_15)
FNDA:4,(anonymous_16)
FNDA:0,(anonymous_17)
FNDA:6,(anonymous_18)
FNDA:0,(anonymous_19)
FNDA:1,(anonymous_20)
FNDA:1,(anonymous_21)
FNDA:1,(anonymous_22)
FNDA:1,getBangkokTimestamp
FNDA:0,calculateDaysBetween
FNDA:1,seedFromCSV
FNDA:6,(anonymous_26)
FNDA:2393,(anonymous_27)
FNDA:1,(anonymous_28)
FNDA:1,(anonymous_29)
FNDA:1,(anonymous_30)
FNDA:0,(anonymous_31)
FNDA:2,(anonymous_32)
FNDA:2,(anonymous_33)
FNDA:1,(anonymous_34)
FNDA:0,(anonymous_35)
FNDA:0,(anonymous_36)
FNDA:0,(anonymous_37)
FNDA:0,(anonymous_38)
FNDA:0,(anonymous_39)
FNDA:0,(anonymous_40)
FNDA:0,(anonymous_41)
FNDA:0,(anonymous_42)
FNDA:1,(anonymous_43)
FNDA:1,(anonymous_44)
FNDA:0,(anonymous_45)
FNDA:1,(anonymous_46)
FNDA:1,(anonymous_47)
FNDA:0,(anonymous_48)
FNDA:0,(anonymous_49)
FNDA:0,(anonymous_50)
FNDA:0,(anonymous_51)
FNDA:0,(anonymous_52)
FNDA:0,(anonymous_53)
FNDA:0,(anonymous_54)
FNDA:0,(anonymous_55)
FNDA:0,(anonymous_56)
FNDA:0,(anonymous_57)
FNDA:0,(anonymous_58)
FNDA:0,(anonymous_59)
FNDA:0,(anonymous_60)
FNDA:0,(anonymous_61)
FNDA:0,(anonymous_62)
FNDA:0,(anonymous_63)
FNDA:0,(anonymous_64)
FNDA:0,(anonymous_65)
FNDA:0,(anonymous_66)
FNDA:0,(anonymous_67)
FNDA:0,(anonymous_68)
FNDA:1,autoLogExpiredProducts
FNDA:1,(anonymous_70)
FNDA:1,(anonymous_71)
FNDA:0,(anonymous_72)
FNDA:0,(anonymous_73)
FNDA:0,(anonymous_74)
FNDA:0,(anonymous_75)
FNDA:0,(anonymous_76)
FNDA:0,(anonymous_77)
FNDA:0,(anonymous_78)
FNDA:0,(anonymous_79)
FNDA:0,(anonymous_80)
FNDA:0,(anonymous_81)
FNDA:0,(anonymous_82)
FNDA:0,(anonymous_83)
FNDA:0,(anonymous_84)
FNDA:0,(anonymous_85)
FNDA:0,(anonymous_86)
FNDA:0,(anonymous_87)
FNDA:0,(anonymous_88)
FNDA:0,(anonymous_89)
FNDA:0,(anonymous_90)
FNDA:0,(anonymous_91)
FNDA:0,(anonymous_92)
FNDA:0,(anonymous_93)
FNDA:0,(anonymous_94)
FNDA:0,(anonymous_95)
FNDA:0,(anonymous_96)
FNDA:0,(anonymous_97)
FNDA:0,(anonymous_98)
FNDA:0,(anonymous_99)
FNDA:0,(anonymous_100)
FNDA:0,(anonymous_101)
FNDA:0,(anonymous_102)
FNDA:0,(anonymous_103)
FNDA:0,(anonymous_104)
FNDA:0,(anonymous_105)
FNDA:0,(anonymous_106)
FNDA:0,(anonymous_107)
FNDA:1,(anonymous_108)
FNDA:0,(anonymous_109)
FNDA:0,(anonymous_110)
FNDA:0,(anonymous_111)
FNDA:0,(anonymous_112)
FNDA:0,(anonymous_113)
FNDA:0,(anonymous_114)
FNDA:0,(anonymous_115)
FNDA:0,(anonymous_116)
FNDA:0,(anonymous_117)
FNDA:0,(anonymous_118)
FNDA:0,(anonymous_119)
FNDA:0,(anonymous_120)
DA:1,1
DA:2,1
DA:3,1
DA:4,1
DA:5,1
DA:6,1
DA:7,1
DA:8,1
DA:9,1
DA:11,1
DA:12,1
DA:13,1
DA:14,1
DA:17,1
DA:18,1
DA:19,1
DA:20,1
DA:23,1
DA:24,1
DA:27,1
DA:35,1
DA:36,8
DA:37,8
DA:41,1
DA:42,4
DA:43,2
DA:46,2
DA:47,1
DA:49,1
DA:53,1
DA:54,1
DA:55,1
DA:57,0
DA:58,0
DA:60,0
DA:65,1
DA:66,1
DA:67,0
DA:69,1
DA:70,1
DA:75,1
DA:77,1
DA:87,1
DA:100,1
DA:111,1
DA:123,1
DA:134,1
DA:135,1
DA:136,1
DA:137,1
DA:138,1
DA:139,1
DA:144,1
DA:145,7
DA:146,0
DA:147,0
DA:148,0
DA:151,8
DA:152,0
DA:153,0
DA:154,0
DA:160,1
DA:161,7
DA:162,0
DA:163,0
DA:164,0
DA:171,1
DA:172,4
DA:173,0
DA:174,0
DA:175,0
DA:178,6
DA:179,0
DA:180,0
DA:182,0
DA:183,0
DA:190,1
DA:191,1
DA:193,1
DA:194,1
DA:198,1
DA:199,1
DA:200,0
DA:201,0
DA:203,1
DA:204,1
DA:205,1
DA:207,0
DA:215,1
DA:219,0
DA:220,0
DA:221,0
DA:222,0
DA:223,0
DA:227,1
DA:228,0
DA:229,0
DA:232,1
DA:233,1
DA:234,1
DA:236,1
DA:238,6
DA:241,2393
DA:242,2393
DA:244,0
DA:246,0
DA:247,0
DA:258,0
DA:261,0
DA:262,0
DA:263,0
DA:264,0
DA:267,0
DA:268,0
DA:269,0
DA:271,0
DA:279,1
DA:280,1
DA:282,1
DA:284,1
DA:285,0
DA:287,1
DA:289,1
DA:294,1
DA:295,0
DA:297,1
DA:300,1
DA:301,1
DA:302,1
DA:303,0
DA:305,1
DA:307,1
DA:308,1
DA:309,1
DA:320,1
DA:321,0
DA:322,0
DA:325,1
DA:326,2
DA:327,2
DA:328,2
DA:329,0
DA:332,2
DA:333,1
DA:334,1
DA:336,1
DA:341,1
DA:342,1
DA:343,1
DA:347,1
DA:348,0
DA:351,1
DA:352,0
DA:355,1
DA:356,0
DA:359,1
DA:360,0
DA:366,1
DA:368,0
DA:372,1
DA:373,0
DA:374,0
DA:376,0
DA:382,1
DA:383,0
DA:386,1
DA:387,0
DA:395,1
DA:397,1
DA:399,1
DA:414,1
DA:415,1
DA:417,1
DA:418,1
DA:420,1
DA:421,0
DA:422,0
DA:423,0
DA:433,0
DA:435,0
DA:437,0
DA:438,0
DA:440,0
DA:442,0
DA:445,1
DA:449,1
DA:450,1
DA:451,1
DA:452,1
DA:456,1
DA:457,0
DA:464,0
DA:465,0
DA:466,0
DA:471,1
DA:472,0
DA:474,0
DA:475,0
DA:479,0
DA:480,0
DA:483,0
DA:484,0
DA:485,0
DA:487,0
DA:488,0
DA:489,0
DA:493,0
DA:494,0
DA:495,0
DA:497,0
DA:501,0
DA:502,0
DA:503,0
DA:505,0
DA:506,0
DA:515,1
DA:516,0
DA:518,0
DA:519,0
DA:521,0
DA:523,0
DA:524,0
DA:525,0
DA:526,0
DA:528,0
DA:529,0
DA:530,0
DA:531,0
DA:534,0
DA:535,0
DA:536,0
DA:537,0
DA:538,0
DA:539,0
DA:540,0
DA:542,0
DA:543,0
DA:547,0
DA:548,0
DA:549,0
DA:552,0
DA:553,0
DA:554,0
DA:557,0
DA:559,0
DA:560,0
DA:561,0
DA:562,0
DA:565,0
DA:575,1
DA:576,0
DA:578,0
DA:579,0
DA:582,0
DA:583,0
DA:585,0
DA:587,0
DA:589,0
DA:591,0
DA:592,0
DA:597,0
DA:599,0
DA:600,0
DA:601,0
DA:602,0
DA:604,0
DA:609,1
DA:610,0
DA:624,0
DA:625,0
DA:626,0
DA:634,1
DA:645,1
DA:652,1
DA:653,1
DA:654,1
DA:655,1
DA:659,0
DA:660,0
DA:661,0
DA:662,0
DA:663,0
DA:664,0
DA:665,0
DA:669,0
DA:670,0
DA:671,0
DA:672,0
DA:675,0
DA:676,0
DA:681,0
DA:682,0
DA:684,0
DA:685,0
DA:686,0
DA:687,0
DA:691,0
DA:692,0
DA:693,0
DA:701,1
DA:703,0
DA:704,0
DA:712,0
DA:714,0
DA:718,0
DA:721,0
DA:733,0
DA:744,0
DA:755,0
DA:765,0
DA:766,0
DA:767,0
DA:768,0
DA:769,0
DA:770,0
DA:771,0
DA:772,0
DA:773,0
DA:774,0
DA:775,0
DA:777,0
DA:799,1
DA:800,0
DA:810,0
DA:811,0
DA:812,0
DA:817,1
DA:818,0
DA:819,0
DA:820,0
DA:821,0
DA:823,0
DA:824,0
DA:826,0
DA:827,0
DA:829,0
DA:830,0
DA:831,0
DA:832,0
DA:834,0
DA:835,0
DA:836,0
DA:837,0
DA:838,0
DA:839,0
DA:840,0
DA:842,0
DA:843,0
DA:844,0
DA:845,0
DA:848,0
DA:849,0
DA:851,0
DA:852,0
DA:853,0
DA:861,1
DA:862,0
DA:863,0
DA:864,0
DA:868,1
DA:869,0
DA:870,0
DA:872,0
DA:873,0
DA:874,0
DA:876,0
DA:877,0
DA:878,0
DA:879,0
DA:881,0
DA:885,1
DA:886,0
DA:888,0
DA:889,0
DA:890,0
DA:891,0
DA:892,0
DA:893,0
DA:895,0
DA:901,1
DA:902,0
DA:903,0
DA:904,0
DA:906,0
DA:907,0
DA:909,0
DA:910,0
DA:911,0
DA:913,0
DA:914,0
DA:915,0
DA:916,0
DA:917,0
DA:919,0
DA:921,0
DA:922,0
DA:923,0
DA:924,0
DA:933,1
DA:934,0
DA:935,0
DA:936,0
DA:941,1
DA:942,1
DA:943,1
DA:945,0
DA:949,0
DA:950,0
DA:951,0
DA:953,0
DA:959,1
DA:960,0
DA:961,0
DA:962,0
DA:964,0
DA:968,0
DA:969,0
DA:970,0
DA:976,1
DA:977,0
DA:978,0
DA:979,0
DA:980,0
DA:983,0
DA:984,0
DA:985,0
DA:986,0
DA:989,0
DA:990,0
DA:991,0
DA:992,0
DA:995,0
DA:999,0
DA:1000,0
DA:1001,0
DA:1002,0
DA:1004,0
DA:1005,0
DA:1007,0
DA:1019,1
DA:1020,0
DA:1021,0
DA:1024,0
DA:1025,0
DA:1026,0
DA:1030,1
LF:446
LH:148
BRDA:12,0,0,1
BRDA:12,0,1,1
BRDA:13,1,0,1
BRDA:13,1,1,0
BRDA:36,2,0,8
BRDA:36,2,1,4
BRDA:42,3,0,2
BRDA:42,3,1,2
BRDA:46,4,0,1
BRDA:46,4,1,1
BRDA:54,5,0,1
BRDA:54,5,1,0
BRDA:54,6,0,1
BRDA:54,6,1,1
BRDA:57,7,0,0
BRDA:57,7,1,0
BRDA:66,8,0,0
BRDA:66,8,1,1
BRDA:135,9,0,1
BRDA:135,9,1,0
BRDA:135,10,0,1
BRDA:135,10,1,1
BRDA:145,11,0,0
BRDA:145,11,1,1
BRDA:145,12,0,1
BRDA:145,12,1,1
BRDA:145,12,2,1
BRDA:147,13,0,0
BRDA:147,13,1,0
BRDA:151,14,0,0
BRDA:151,14,1,1
BRDA:151,15,0,1
BRDA:151,15,1,1
BRDA:151,15,2,1
BRDA:153,16,0,0
BRDA:153,16,1,0
BRDA:161,17,0,0
BRDA:161,17,1,1
BRDA:161,18,0,1
BRDA:161,18,1,1
BRDA:161,18,2,1
BRDA:163,19,0,0
BRDA:163,19,1,0
BRDA:172,20,0,0
BRDA:172,20,1,1
BRDA:172,21,0,1
BRDA:172,21,1,1
BRDA:172,21,2,1
BRDA:174,22,0,0
BRDA:174,22,1,0
BRDA:178,23,0,0
BRDA:178,23,1,1
BRDA:178,24,0,1
BRDA:178,24,1,1
BRDA:178,24,2,1
BRDA:180,25,0,0
BRDA:180,25,1,0
BRDA:191,26,0,1
BRDA:191,26,1,0
BRDA:194,27,0,1
BRDA:194,27,1,0
BRDA:199,28,0,0
BRDA:199,28,1,1
BRDA:203,29,0,1
BRDA:203,29,1,0
BRDA:219,30,0,0
BRDA:219,30,1,0
BRDA:219,31,0,0
BRDA:219,31,1,0
BRDA:222,32,0,0
BRDA:222,32,1,0
BRDA:222,33,0,0
BRDA:222,33,1,0
BRDA:227,34,0,0
BRDA:227,34,1,1
BRDA:242,35,0,2393
BRDA:242,35,1,0
BRDA:244,36,0,0
BRDA:244,36,1,0
BRDA:246,37,0,0
BRDA:246,37,1,0
BRDA:248,38,0,0
BRDA:248,38,1,0
BRDA:249,39,0,0
BRDA:249,39,1,0
BRDA:250,40,0,0
BRDA:250,40,1,0
BRDA:251,41,0,0
BRDA:251,41,1,0
BRDA:308,42,0,0
BRDA:308,42,1,1
BRDA:321,43,0,0
BRDA:321,43,1,0
BRDA:328,44,0,0
BRDA:328,44,1,2
BRDA:328,45,0,2
BRDA:328,45,1,2
BRDA:332,46,0,1
BRDA:332,46,1,1
BRDA:373,47,0,0
BRDA:373,47,1,0
BRDA:374,48,0,0
BRDA:374,48,1,0
BRDA:415,49,0,0
BRDA:415,49,1,1
BRDA:422,50,0,0
BRDA:422,50,1,0
BRDA:433,51,0,0
BRDA:433,51,1,0
BRDA:437,52,0,0
BRDA:437,52,1,0
BRDA:445,53,0,0
BRDA:445,53,1,0
BRDA:445,53,2,0
BRDA:451,54,0,0
BRDA:451,54,1,1
BRDA:465,55,0,0
BRDA:465,55,1,0
BRDA:474,56,0,0
BRDA:474,56,1,0
BRDA:474,57,0,0
BRDA:474,57,1,0
BRDA:474,57,2,0
BRDA:480,58,0,0
BRDA:480,58,1,0
BRDA:480,59,0,0
BRDA:480,59,1,0
BRDA:493,60,0,0
BRDA:493,60,1,0
BRDA:501,61,0,0
BRDA:501,61,1,0
BRDA:518,62,0,0
BRDA:518,62,1,0
BRDA:518,63,0,0
BRDA:518,63,1,0
BRDA:518,63,2,0
BRDA:518,63,3,0
BRDA:526,64,0,0
BRDA:526,64,1,0
BRDA:529,65,0,0
BRDA:529,65,1,0
BRDA:537,66,0,0
BRDA:537,66,1,0
BRDA:538,67,0,0
BRDA:538,67,1,0
BRDA:547,68,0,0
BRDA:548,69,0,0
BRDA:548,69,1,0
BRDA:552,70,0,0
BRDA:552,70,1,0
BRDA:561,71,0,0
BRDA:561,71,1,0
BRDA:578,72,0,0
BRDA:578,72,1,0
BRDA:578,73,0,0
BRDA:578,73,1,0
BRDA:578,73,2,0
BRDA:592,74,0,0
BRDA:592,74,1,0
BRDA:600,75,0,0
BRDA:600,75,1,0
BRDA:600,76,0,0
BRDA:600,76,1,0
BRDA:625,77,0,0
BRDA:625,77,1,0
BRDA:653,78,0,1
BRDA:653,78,1,0
BRDA:653,79,0,1
BRDA:653,79,1,1
BRDA:653,79,2,1
BRDA:654,80,0,0
BRDA:654,80,1,1
BRDA:662,81,0,0
BRDA:662,81,1,0
BRDA:662,82,0,0
BRDA:662,82,1,0
BRDA:665,83,0,0
BRDA:665,83,1,0
BRDA:670,84,0,0
BRDA:670,84,1,0
BRDA:671,85,0,0
BRDA:671,85,1,0
BRDA:687,86,0,0
BRDA:687,86,1,0
BRDA:693,87,0,0
BRDA:693,87,1,0
BRDA:774,88,0,0
BRDA:774,88,1,0
BRDA:774,89,0,0
BRDA:774,89,1,0
BRDA:774,89,2,0
BRDA:774,89,3,0
BRDA:774,89,4,0
BRDA:774,89,5,0
BRDA:774,89,6,0
BRDA:774,89,7,0
BRDA:774,89,8,0
BRDA:778,90,0,0
BRDA:778,90,1,0
BRDA:779,91,0,0
BRDA:779,91,1,0
BRDA:780,92,0,0
BRDA:780,92,1,0
BRDA:781,93,0,0
BRDA:781,93,1,0
BRDA:782,94,0,0
BRDA:782,94,1,0
BRDA:783,95,0,0
BRDA:783,95,1,0
BRDA:784,96,0,0
BRDA:784,96,1,0
BRDA:785,97,0,0
BRDA:785,97,1,0
BRDA:786,98,0,0
BRDA:786,98,1,0
BRDA:811,99,0,0
BRDA:811,99,1,0
BRDA:821,100,0,0
BRDA:821,100,1,0
BRDA:824,101,0,0
BRDA:824,101,1,0
BRDA:827,102,0,0
BRDA:827,102,1,0
BRDA:827,103,0,0
BRDA:827,103,1,0
BRDA:840,104,0,0
BRDA:840,104,1,0
BRDA:852,105,0,0
BRDA:852,105,1,0
BRDA:863,106,0,0
BRDA:863,106,1,0
BRDA:870,107,0,0
BRDA:870,107,1,0
BRDA:870,108,0,0
BRDA:870,108,1,0
BRDA:870,108,2,0
BRDA:872,109,0,0
BRDA:872,109,1,0
BRDA:877,110,0,0
BRDA:877,110,1,0
BRDA:888,111,0,0
BRDA:888,111,1,0
BRDA:890,112,0,0
BRDA:890,112,1,0
BRDA:890,113,0,0
BRDA:890,113,1,0
BRDA:892,114,0,0
BRDA:892,114,1,0
BRDA:904,115,0,0
BRDA:904,115,1,0
BRDA:904,116,0,0
BRDA:904,116,1,0
BRDA:909,117,0,0
BRDA:909,117,1,0
BRDA:911,118,0,0
BRDA:911,118,1,0
BRDA:913,119,0,0
BRDA:913,119,1,0
BRDA:922,120,0,0
BRDA:922,120,1,0
BRDA:923,121,0,0
BRDA:923,121,1,0
BRDA:935,122,0,0
BRDA:935,122,1,0
BRDA:943,123,0,1
BRDA:943,123,1,0
BRDA:943,124,0,1
BRDA:943,124,1,0
BRDA:947,125,0,0
BRDA:947,125,1,0
BRDA:947,126,0,0
BRDA:947,126,1,0
BRDA:947,127,0,0
BRDA:947,127,1,0
BRDA:947,128,0,0
BRDA:947,128,1,0
BRDA:949,129,0,0
BRDA:949,129,1,0
BRDA:962,130,0,0
BRDA:962,130,1,0
BRDA:962,131,0,0
BRDA:962,131,1,0
BRDA:966,132,0,0
BRDA:966,132,1,0
BRDA:966,133,0,0
BRDA:966,133,1,0
BRDA:966,134,0,0
BRDA:966,134,1,0
BRDA:966,135,0,0
BRDA:966,135,1,0
BRDA:968,136,0,0
BRDA:968,136,1,0
BRDA:969,137,0,0
BRDA:969,137,1,0
BRDA:979,138,0,0
BRDA:979,138,1,0
BRDA:979,139,0,0
BRDA:979,139,1,0
BRDA:984,140,0,0
BRDA:984,140,1,0
BRDA:985,141,0,0
BRDA:985,141,1,0
BRDA:985,142,0,0
BRDA:985,142,1,0
BRDA:992,143,0,0
BRDA:992,143,1,0
BRDA:999,144,0,0
BRDA:999,144,1,0
BRDA:1001,145,0,0
BRDA:1001,145,1,0
BRDA:1002,146,0,0
BRDA:1002,146,1,0
BRDA:1019,147,0,0
BRDA:1019,147,1,1
BRDA:1025,148,0,0
BRDA:1025,148,1,0
BRDA:1025,149,0,0
BRDA:1025,149,1,0
BRF:318
BRH:58
end_of_record
